#
# A fatal error has been detected by the Java Runtime Environment:
#
#  EXCEPTION_ACCESS_VIOLATION (0xc0000005) at pc=0x00007ffa0cedb309, pid=1320, tid=22076
#
# JRE version: Java(TM) SE Runtime Environment (21.0.2+13) (build 21.0.2+13-LTS-58)
# Java VM: Java HotSpot(TM) 64-Bit Server VM (21.0.2+13-LTS-58, mixed mode, sharing, tiered, compressed oops, compressed class ptrs, g1 gc, windows-amd64)
# Problematic frame:
# V  [jvm.dll+0x31b309]
#
# No core dump will be written. Minidumps are not enabled by default on client versions of Windows
#
# If you would like to submit a bug report, please visit:
#   https://bugreport.java.com/bugreport/crash.jsp
#

---------------  S U M M A R Y ------------

Command Line: -agentlib:jdwp=transport=dt_socket,address=127.0.0.1:55665,suspend=y,server=n -Dfile.encoding=UTF-8 -Dsun.stdout.encoding=UTF-8 -Dsun.stderr.encoding=UTF-8 com.project.auth.AuthApplication

Host: Intel(R) Core(TM) i5-9400F CPU @ 2.90GHz, 6 cores, 15G,  Windows 10 , 64 bit Build 19041 (10.0.19041.5794)
Time: Tue May 27 01:30:20 2025 SE Asia Standard Time elapsed time: 8.505012 seconds (0d 0h 0m 8s)

---------------  T H R E A D  ---------------

Current thread (0x00000234fc585b40):  WorkerThread "G1 Conc#0"      [id=22076, stack(0x00000094a9300000,0x00000094a9400000) (1024K)]

Stack: [0x00000094a9300000,0x00000094a9400000],  sp=0x00000094a93ff590,  free space=1021k
Native frames: (J=compiled Java code, j=interpreted, Vv=VM code, C=native code)
V  [jvm.dll+0x31b309]
V  [jvm.dll+0x31b19f]
V  [jvm.dll+0x318b0d]
V  [jvm.dll+0x318752]
V  [jvm.dll+0x33403a]
V  [jvm.dll+0x3332a0]
V  [jvm.dll+0x336ec6]
V  [jvm.dll+0x883eb7]
V  [jvm.dll+0x7ff568]
V  [jvm.dll+0x6c953d]
C  [ucrtbase.dll+0x21bb2]
C  [KERNEL32.DLL+0x17374]
C  [ntdll.dll+0x4cc91]


siginfo: EXCEPTION_ACCESS_VIOLATION (0xc0000005), reading address 0x0000000000000060


Registers:
RAX=0x0000000000000000, RBX=0x00000234fc58c3a0, RCX=0x0000000000000015, RDX=0x0000000000000001
RSP=0x00000094a93ff590, RBP=0x0000000000000001, RSI=0x00000234fc572fd0, RDI=0x00000007411a50f8
R8 =0x00000007411a50f8, R9 =0x0000000000000201, R10=0x00000234fa2be450, R11=0x0000000000000003
R12=0x0000000000000000, R13=0x00000234fc5862c8, R14=0x000002349c040e18, R15=0x0000000701da4010
RIP=0x00007ffa0cedb309, EFLAGS=0x0000000000010203


Register to memory mapping:

RAX=0x0 is null
RBX=0x00000234fc58c3a0 points into unknown readable memory: 0x00007ffa0d5929a8 | a8 29 59 0d fa 7f 00 00
RCX=0x0000000000000015 is an unknown value
RDX=0x0000000000000001 is an unknown value
RSP=0x00000094a93ff590 points into unknown readable memory: 0x0000000000000000 | 00 00 00 00 00 00 00 00
RBP=0x0000000000000001 is an unknown value
RSI=0x00000234fc572fd0 points into unknown readable memory: 0x00000234fc584990 | 90 49 58 fc 34 02 00 00
RDI=0x00000007411a50f8 is an unallocated location in the heap
R8 =0x00000007411a50f8 is an unallocated location in the heap
R9 =0x0000000000000201 is an unknown value
R10=0x00000234fa2be450 points into unknown readable memory: 0x00007ffa0d5910b0 | b0 10 59 0d fa 7f 00 00
R11=0x0000000000000003 is an unknown value
R12=0x0 is null
R13=0x00000234fc5862c8 points into unknown readable memory: 0x100c174f0131b680 | 80 b6 31 01 4f 17 0c 10
R14={method} {0x000002349c040e20} 'equals' '(Ljava/lang/Object;)Z' in 'java/lang/reflect/Method'
R15=0x0000000701da4010 is an oop: java.lang.reflect.Method 
{0x0000000701da4010} - klass: 'java/lang/reflect/Method'
 - ---- fields (total size 11 words):
 - 'override' 'Z' @12  false (0x00)
 - volatile 'accessCheckCache' 'Ljava/lang/Object;' @16  null (0x00000000)
 - private transient 'parameterData' 'Ljava/lang/reflect/Executable$ParameterData;' @20  null (0x00000000)
 - private volatile transient 'declaredAnnotations' 'Ljava/util/Map;' @24  a 'java/util/LinkedHashMap'{0x0000000701bdd058} (0xe037ba0b)
 - private 'callerSensitive' 'B' @13  0 (0x00)
 - private final 'slot' 'I' @28  4 (0x00000004)
 - private final 'modifiers' 'I' @32  1025 (0x00000401)
 - private final 'clazz' 'Ljava/lang/Class;' @36  a 'java/lang/Class'{0x0000000701bdb200} = 'org/springframework/web/bind/annotation/RestControllerAdvice' (0xe037b640)
 - private final 'name' 'Ljava/lang/String;' @40  "assignableTypes"{0x0000000701bdb128} (0xe037b625)
 - private final 'returnType' 'Ljava/lang/Class;' @44  a 'java/lang/Class'{0x0000000701b9d400} = 'java/lang/Class'[] (0xe0373a80)
 - private final 'parameterTypes' '[Ljava/lang/Class;' @48  
[error occurred during error reporting (printing register info), id 0xc0000005, EXCEPTION_ACCESS_VIOLATION (0xc0000005) at pc=0x00007ffa0d27647d]

Top of Stack: (sp=0x00000094a93ff590)
0x00000094a93ff590:   0000000000000000 00007ffa0cedb3ca
0x00000094a93ff5a0:   000064e7f5990dc6 0000000000000000
0x00000094a93ff5b0:   00000007411a50f8 00007ffa0cedb19f
0x00000094a93ff5c0:   00000234fc58c3a0 00000094a93ff710
0x00000094a93ff5d0:   000002349c040e10 00000094a93ff710
0x00000094a93ff5e0:   0000000701da4064 00007ffa0ced8b0d
0x00000094a93ff5f0:   0000000701da4040 00007ffa0ced925d
0x00000094a93ff600:   0000000701e578e0 0000000000000000
0x00000094a93ff610:   00000234fc585ef0 0000000000000000
0x00000094a93ff620:   0000000701da4010 00007ffa0ced8752
0x00000094a93ff630:   000002349c0409b8 000000000000000b
0x00000094a93ff640:   00000094a93ff710 00000094a92ff890
0x00000094a93ff650:   0000000701da4010 00007ffa0cef403a
0x00000094a93ff660:   00000234fc58c3a0 0000000000000040
0x00000094a93ff670:   000000000000004b 00000234fc5257d0
0x00000094a93ff680:   0000000000000001 00000234fc58c3a0
0x00000094a93ff690:   00000094a92ff801 0000000000000000
0x00000094a93ff6a0:   00000234fc58c3a0 00007ffa0cef32a0
0x00000094a93ff6b0:   00000234fc58c3a0 00000094a92ff801
0x00000094a93ff6c0:   0000000701da4010 0000000000000000
0x00000094a93ff6d0:   00000234fc572fd0 00000234fc58c3a0
0x00000094a93ff6e0:   0000000701e00000 0000000000040000
0x00000094a93ff6f0:   0000000701e00000 0000000000040000
0x00000094a93ff700:   0000000000000000 000000000007270e
0x00000094a93ff710:   00007ffa0d5929c8 00000234ffee7eb0
0x00000094a93ff720:   0000009400000003 00000234fa2be450
0x00000094a93ff730:   00000234fc58c3a0 00007ffa0d25a623
0x00000094a93ff740:   c215b08487ffcfdf 0000000000000000
0x00000094a93ff750:   0000000000000000 0000000000000000
0x00000094a93ff760:   00000234fc585ef0 00000234fc523188
0x00000094a93ff770:   00000234fc5862c8 0000000000000001
0x00000094a93ff780:   00000234fa2bc980 00000094a92ff890 

Instructions: (pc=0x00007ffa0cedb309)
0x00007ffa0cedb209:   8b 83 a8 00 00 00 48 39 83 a0 00 00 00 73 10 48
0x00007ffa0cedb219:   8b 83 c0 00 00 00 48 39 83 b8 00 00 00 72 7f 48
0x00007ffa0cedb229:   8b cb e8 20 a3 01 00 b0 01 48 8b 5c 24 30 48 83
0x00007ffa0cedb239:   c4 20 5f c3 48 8b 53 30 44 8b 82 80 00 00 00 8b
0x00007ffa0cedb249:   82 00 01 00 00 41 8b c8 2b c8 81 e1 ff ff 01 00
0x00007ffa0cedb259:   81 f9 fe ff 01 00 72 2c 48 8b cb e8 a7 96 01 00
0x00007ffa0cedb269:   48 8b 53 30 44 8b 82 80 00 00 00 8b 82 00 01 00
0x00007ffa0cedb279:   00 41 8b c8 2b c8 81 e1 ff ff 01 00 81 f9 fe ff
0x00007ffa0cedb289:   01 00 73 1a 48 8b 82 80 01 00 00 4a 89 3c c0 41
0x00007ffa0cedb299:   8d 40 01 25 ff ff 01 00 89 82 80 00 00 00 48 8b
0x00007ffa0cedb2a9:   5c 24 30 b0 01 48 83 c4 20 5f c3 cc cc cc cc cc
0x00007ffa0cedb2b9:   cc cc cc cc cc cc cc 48 89 6c 24 10 48 89 74 24
0x00007ffa0cedb2c9:   18 57 48 83 ec 20 4c 8b 51 08 48 8b f1 4d 8b c8
0x00007ffa0cedb2d9:   8b ea 49 8b f8 41 8b 8a 18 02 00 00 49 8b 82 10
0x00007ffa0cedb2e9:   02 00 00 48 d3 e0 8b 0d 1b 9b 90 00 4c 2b c8 49
0x00007ffa0cedb2f9:   8b 82 f8 01 00 00 49 d3 e9 45 8b c9 4a 8b 04 c8
0x00007ffa0cedb309:   48 8b 40 60 4c 3b c0 72 12 32 c0 48 8b 6c 24 38
0x00007ffa0cedb319:   48 8b 74 24 40 48 83 c4 20 5f c3 48 8b 46 10 48
0x00007ffa0cedb329:   8d 4e 10 48 8b d7 48 89 5c 24 30 ff 10 8b 4e 28
0x00007ffa0cedb339:   48 8b d7 48 2b 56 18 48 8b 46 30 48 c1 ea 03 48
0x00007ffa0cedb349:   d3 ea 48 8b ca 48 c1 e9 06 4c 8d 04 c8 0f b6 ca
0x00007ffa0cedb359:   49 8b 00 80 e1 3f ba 01 00 00 00 48 d3 e2 48 8b
0x00007ffa0cedb369:   c8 48 0b ca 48 3b c8 74 12 f0 49 0f b1 08 74 25
0x00007ffa0cedb379:   48 8b c8 48 0b ca 48 3b c8 75 ee 32 db 48 8b 6c
0x00007ffa0cedb389:   24 38 0f b6 c3 48 8b 5c 24 30 48 8b 74 24 40 48
0x00007ffa0cedb399:   83 c4 20 5f c3 80 3d 79 21 8a 00 00 b3 01 74 15
0x00007ffa0cedb3a9:   8b 57 08 8b 0d c6 0b 8a 00 48 d3 e2 48 03 15 b4
0x00007ffa0cedb3b9:   0b 8a 00 eb 04 48 8b 57 08 48 8b cf e8 86 2f e2
0x00007ffa0cedb3c9:   ff 48 8b 8e b8 02 00 00 4c 8b d8 4c 8b 0c e9 49
0x00007ffa0cedb3d9:   8b 51 18 8b 8a 18 02 00 00 4c 8b 82 10 02 00 00
0x00007ffa0cedb3e9:   41 8b 51 60 49 d3 e0 8b 0d 1a 9a 90 00 49 2b f8
0x00007ffa0cedb3f9:   48 d3 ef 44 8b d7 49 23 d2 48 c1 e2 04 49 03 51 


Stack slot to memory mapping:

stack at sp + 0 slots: 0x0 is null
stack at sp + 1 slots: 0x00007ffa0cedb3ca jvm.dll
stack at sp + 2 slots: 0x000064e7f5990dc6 is an unknown value
stack at sp + 3 slots: 0x0 is null
stack at sp + 4 slots: 0x00000007411a50f8 is an unallocated location in the heap
stack at sp + 5 slots: 0x00007ffa0cedb19f jvm.dll
stack at sp + 6 slots: 0x00000234fc58c3a0 points into unknown readable memory: 0x00007ffa0d5929a8 | a8 29 59 0d fa 7f 00 00
stack at sp + 7 slots: 0x00000094a93ff710 points into unknown readable memory: 0x00007ffa0d5929c8 | c8 29 59 0d fa 7f 00 00


---------------  P R O C E S S  ---------------

Threads class SMR info:
_java_thread_list=0x00000234e79939c0, length=24, elements={
0x00000234fa2b9d50, 0x00000234fff08aa0, 0x00000234fff09700, 0x00000234fff0c270,
0x00000234fff0ef60, 0x00000234fff119d0, 0x00000234fff12430, 0x00000234fff151d0,
0x00000234fff17c80, 0x000002349b5f34d0, 0x000002349b5fc890, 0x000002349b607130,
0x000002349b613b70, 0x000002349b6168a0, 0x00000234e18bef70, 0x00000234e1bbf010,
0x00000234e5218010, 0x00000234e49ddfa0, 0x00000234e499cd80, 0x00000234e5171550,
0x00000234e5414cf0, 0x00000234e493ee60, 0x00000234e528afd0, 0x00000234e7858fe0
}

Java Threads: ( => current thread )
  0x00000234fa2b9d50 JavaThread "main"                              [_thread_blocked, id=14992, stack(0x00000094a9000000,0x00000094a9100000) (1024K)]
  0x00000234fff08aa0 JavaThread "Reference Handler"          daemon [_thread_blocked, id=19740, stack(0x00000094a9800000,0x00000094a9900000) (1024K)]
  0x00000234fff09700 JavaThread "Finalizer"                  daemon [_thread_blocked, id=20928, stack(0x00000094a9900000,0x00000094a9a00000) (1024K)]
  0x00000234fff0c270 JavaThread "Signal Dispatcher"          daemon [_thread_blocked, id=17572, stack(0x00000094a9a00000,0x00000094a9b00000) (1024K)]
  0x00000234fff0ef60 JavaThread "Attach Listener"            daemon [_thread_blocked, id=22856, stack(0x00000094a9b00000,0x00000094a9c00000) (1024K)]
  0x00000234fff119d0 JavaThread "Service Thread"             daemon [_thread_blocked, id=20120, stack(0x00000094a9c00000,0x00000094a9d00000) (1024K)]
  0x00000234fff12430 JavaThread "Monitor Deflation Thread"   daemon [_thread_blocked, id=11548, stack(0x00000094a9d00000,0x00000094a9e00000) (1024K)]
  0x00000234fff151d0 JavaThread "C2 CompilerThread0"         daemon [_thread_in_native, id=23204, stack(0x00000094a9e00000,0x00000094a9f00000) (1024K)]
  0x00000234fff17c80 JavaThread "C1 CompilerThread0"         daemon [_thread_blocked, id=12168, stack(0x00000094a9f00000,0x00000094aa000000) (1024K)]
  0x000002349b5f34d0 JavaThread "JDWP Transport Listener: dt_socket" daemon [_thread_blocked, id=5296, stack(0x00000094aa000000,0x00000094aa100000) (1024K)]
  0x000002349b5fc890 JavaThread "JDWP Event Helper Thread"   daemon [_thread_blocked, id=21220, stack(0x00000094aa100000,0x00000094aa200000) (1024K)]
  0x000002349b607130 JavaThread "JDWP Command Reader"        daemon [_thread_in_native, id=10484, stack(0x00000094aa200000,0x00000094aa300000) (1024K)]
  0x000002349b613b70 JavaThread "Notification Thread"        daemon [_thread_blocked, id=6504, stack(0x00000094aa300000,0x00000094aa400000) (1024K)]
  0x000002349b6168a0 JavaThread "Common-Cleaner"             daemon [_thread_blocked, id=16084, stack(0x00000094aa400000,0x00000094aa500000) (1024K)]
  0x00000234e18bef70 JavaThread "Thread-0"                          [_thread_blocked, id=7496, stack(0x00000094aab00000,0x00000094aac00000) (1024K)]
  0x00000234e1bbf010 JavaThread "restartedMain"                     [_thread_in_vm, id=6816, stack(0x00000094aac00000,0x00000094aad00000) (1024K)]
  0x00000234e5218010 JavaThread "Catalina-utility-1"                [_thread_blocked, id=3176, stack(0x00000094aad00000,0x00000094aae00000) (1024K)]
  0x00000234e49ddfa0 JavaThread "Catalina-utility-2"                [_thread_blocked, id=764, stack(0x00000094aaf00000,0x00000094ab000000) (1024K)]
  0x00000234e499cd80 JavaThread "container-0"                       [_thread_blocked, id=10084, stack(0x00000094ab000000,0x00000094ab100000) (1024K)]
  0x00000234e5171550 JavaThread "PostgreSQL-JDBC-Cleaner"    daemon [_thread_blocked, id=20596, stack(0x00000094ab200000,0x00000094ab300000) (1024K)]
  0x00000234e5414cf0 JavaThread "HikariPool-1:housekeeper"   daemon [_thread_blocked, id=11340, stack(0x00000094ab300000,0x00000094ab400000) (1024K)]
  0x00000234e493ee60 JavaThread "HikariPool-1:connection-adder" daemon [_thread_blocked, id=21636, stack(0x00000094ab400000,0x00000094ab500000) (1024K)]
  0x00000234e528afd0 JavaThread "Keep-Alive-Timer"           daemon [_thread_blocked, id=22928, stack(0x00000094aa500000,0x00000094aa600000) (1024K)]
  0x00000234e7858fe0 JavaThread "C2 CompilerThread1"         daemon [_thread_in_native, id=12784, stack(0x00000094ab500000,0x00000094ab600000) (1024K)]
Total: 24

Other Threads:
  0x00000234ffee8e60 VMThread "VM Thread"                           [id=12248, stack(0x00000094a9700000,0x00000094a9800000) (1024K)]
  0x00000234ffed2f10 WatcherThread "VM Periodic Task Thread"        [id=15068, stack(0x00000094a9600000,0x00000094a9700000) (1024K)]
  0x00000234fc5729c0 WorkerThread "GC Thread#0"                     [id=3336, stack(0x00000094a9100000,0x00000094a9200000) (1024K)]
  0x00000234e19bbd70 WorkerThread "GC Thread#1"                     [id=16440, stack(0x00000094aa600000,0x00000094aa700000) (1024K)]
  0x00000234e198c3a0 WorkerThread "GC Thread#2"                     [id=22908, stack(0x00000094aa700000,0x00000094aa800000) (1024K)]
  0x00000234e198c740 WorkerThread "GC Thread#3"                     [id=1564, stack(0x00000094aa800000,0x00000094aa900000) (1024K)]
  0x00000234e198cae0 WorkerThread "GC Thread#4"                     [id=6180, stack(0x00000094aa900000,0x00000094aaa00000) (1024K)]
  0x00000234e198ce80 WorkerThread "GC Thread#5"                     [id=8888, stack(0x00000094aaa00000,0x00000094aab00000) (1024K)]
  0x00000234fc584990 ConcurrentGCThread "G1 Main Marker"            [id=13308, stack(0x00000094a9200000,0x00000094a9300000) (1024K)]
=>0x00000234fc585b40 WorkerThread "G1 Conc#0"                       [id=22076, stack(0x00000094a9300000,0x00000094a9400000) (1024K)]
  0x00000234e1c3aea0 WorkerThread "G1 Conc#1"                       [id=14124, stack(0x00000094aae00000,0x00000094aaf00000) (1024K)]
  0x00000234fc5ce960 ConcurrentGCThread "G1 Refine#0"               [id=15336, stack(0x00000094a9400000,0x00000094a9500000) (1024K)]
  0x00000234ffd94570 ConcurrentGCThread "G1 Service"                [id=5856, stack(0x00000094a9500000,0x00000094a9600000) (1024K)]
Total: 13

Threads with active compile tasks:
C2 CompilerThread0     8583 7989       4       java.math.MutableBigInteger::divideMagnitude (1297 bytes)
C2 CompilerThread1     8583 8031       4       org.springframework.core.ResolvableType::resolveType (143 bytes)
Total: 2

VM state: not at safepoint (normal execution)

VM Mutex/Monitor currently owned by a thread: None

Heap address: 0x0000000700e00000, size: 4082 MB, Compressed Oops mode: Zero based, Oop shift amount: 3

CDS archive(s) mapped at: [0x000002349c000000-0x000002349cc90000-0x000002349cc90000), size 13172736, SharedBaseAddress: 0x000002349c000000, ArchiveRelocationMode: 1.
Compressed class space mapped at: 0x000002349d000000-0x00000234dd000000, reserved size: 1073741824
Narrow klass base: 0x000002349c000000, Narrow klass shift: 0, Narrow klass range: 0x100000000

GC Precious Log:
 CardTable entry size: 512
 Card Set container configuration: InlinePtr #cards 4 size 8 Array Of Cards #cards 16 size 48 Howl #buckets 8 coarsen threshold 3686 Howl Bitmap #cards 512 size 80 coarsen threshold 460 Card regions per heap region 1 cards per card region 4096
 CPUs: 6 total, 6 available
 Memory: 16326M
 Large Page Support: Disabled
 NUMA Support: Disabled
 Compressed Oops: Enabled (Zero based)
 Heap Region Size: 2M
 Heap Min Capacity: 8M
 Heap Initial Capacity: 256M
 Heap Max Capacity: 4082M
 Pre-touch: Disabled
 Parallel Workers: 6
 Concurrent Workers: 2
 Concurrent Refinement Workers: 6
 Periodic GC: Disabled

Heap:
 garbage-first heap   total 69632K, used 46629K [0x0000000700e00000, 0x0000000800000000)
  region size 2048K, 5 young (10240K), 1 survivors (2048K)
 Metaspace       used 89307K, committed 90112K, reserved 1179648K
  class space    used 11682K, committed 12032K, reserved 1048576K

Heap Regions: E=young(eden), S=young(survivor), O=old, HS=humongous(starts), HC=humongous(continues), CS=collection set, F=free, TAMS=top-at-mark-start, PB=parsable bottom
|   0|0x0000000700e00000, 0x0000000701000000, 0x0000000701000000|100%| O|  |TAMS 0x0000000701000000| PB 0x0000000700e00000| Untracked 
|   1|0x0000000701000000, 0x0000000701200000, 0x0000000701200000|100%| O|  |TAMS 0x0000000701200000| PB 0x0000000701000000| Untracked 
|   2|0x0000000701200000, 0x0000000701400000, 0x0000000701400000|100%| O|  |TAMS 0x0000000701400000| PB 0x0000000701200000| Untracked 
|   3|0x0000000701400000, 0x0000000701600000, 0x0000000701600000|100%| O|  |TAMS 0x0000000701600000| PB 0x0000000701400000| Untracked 
|   4|0x0000000701600000, 0x0000000701800000, 0x0000000701800000|100%| O|  |TAMS 0x0000000701800000| PB 0x0000000701600000| Untracked 
|   5|0x0000000701800000, 0x0000000701a00000, 0x0000000701a00000|100%| O|  |TAMS 0x0000000701a00000| PB 0x0000000701800000| Untracked 
|   6|0x0000000701a00000, 0x0000000701c00000, 0x0000000701c00000|100%| O|  |TAMS 0x0000000701c00000| PB 0x0000000701a00000| Untracked 
|   7|0x0000000701c00000, 0x0000000701e00000, 0x0000000701e00000|100%| O|  |TAMS 0x0000000701e00000| PB 0x0000000701c00000| Untracked 
|   8|0x0000000701e00000, 0x0000000702000000, 0x0000000702000000|100%| O|  |TAMS 0x0000000702000000| PB 0x0000000701e00000| Untracked 
|   9|0x0000000702000000, 0x0000000702200000, 0x0000000702200000|100%| O|  |TAMS 0x0000000702200000| PB 0x0000000702000000| Untracked 
|  10|0x0000000702200000, 0x0000000702400000, 0x0000000702400000|100%| O|  |TAMS 0x0000000702400000| PB 0x0000000702200000| Untracked 
|  11|0x0000000702400000, 0x0000000702600000, 0x0000000702600000|100%| O|  |TAMS 0x0000000702600000| PB 0x0000000702400000| Untracked 
|  12|0x0000000702600000, 0x0000000702800000, 0x0000000702800000|100%| O|  |TAMS 0x0000000702800000| PB 0x0000000702600000| Untracked 
|  13|0x0000000702800000, 0x0000000702a00000, 0x0000000702a00000|100%| O|  |TAMS 0x0000000702a00000| PB 0x0000000702800000| Untracked 
|  14|0x0000000702a00000, 0x0000000702c00000, 0x0000000702c00000|100%| O|  |TAMS 0x0000000702c00000| PB 0x0000000702a00000| Untracked 
|  15|0x0000000702c00000, 0x0000000702e00000, 0x0000000702e00000|100%| O|  |TAMS 0x0000000702e00000| PB 0x0000000702c00000| Untracked 
|  16|0x0000000702e00000, 0x0000000703000000, 0x0000000703000000|100%| O|  |TAMS 0x0000000702e00000| PB 0x0000000702e00000| Untracked 
|  17|0x0000000703000000, 0x0000000703200000, 0x0000000703200000|100%| O|  |TAMS 0x0000000703200000| PB 0x0000000703000000| Untracked 
|  18|0x0000000703200000, 0x0000000703400000, 0x0000000703400000|100%| O|  |TAMS 0x00000007033990b0| PB 0x0000000703200000| Untracked 
|  19|0x0000000703400000, 0x000000070343c620, 0x0000000703600000| 11%| O|  |TAMS 0x0000000703400000| PB 0x0000000703400000| Untracked 
|  20|0x0000000703600000, 0x0000000703600000, 0x0000000703800000|  0%| F|  |TAMS 0x0000000703600000| PB 0x0000000703600000| Untracked 
|  21|0x0000000703800000, 0x0000000703800000, 0x0000000703a00000|  0%| F|  |TAMS 0x0000000703800000| PB 0x0000000703800000| Untracked 
|  22|0x0000000703a00000, 0x0000000703a00000, 0x0000000703c00000|  0%| F|  |TAMS 0x0000000703a00000| PB 0x0000000703a00000| Untracked 
|  23|0x0000000703c00000, 0x0000000703c00000, 0x0000000703e00000|  0%| F|  |TAMS 0x0000000703c00000| PB 0x0000000703c00000| Untracked 
|  24|0x0000000703e00000, 0x0000000703f4cf88, 0x0000000704000000| 65%| S|CS|TAMS 0x0000000703e00000| PB 0x0000000703e00000| Complete 
|  25|0x0000000704000000, 0x0000000704000000, 0x0000000704200000|  0%| F|  |TAMS 0x0000000704000000| PB 0x0000000704000000| Untracked 
|  26|0x0000000704200000, 0x0000000704200000, 0x0000000704400000|  0%| F|  |TAMS 0x0000000704200000| PB 0x0000000704200000| Untracked 
|  27|0x0000000704400000, 0x0000000704400000, 0x0000000704600000|  0%| F|  |TAMS 0x0000000704400000| PB 0x0000000704400000| Untracked 
| 122|0x0000000710200000, 0x0000000710200000, 0x0000000710400000|  0%| F|  |TAMS 0x0000000710200000| PB 0x0000000710200000| Untracked 
| 123|0x0000000710400000, 0x0000000710400000, 0x0000000710600000|  0%| F|  |TAMS 0x0000000710400000| PB 0x0000000710400000| Untracked 
| 124|0x0000000710600000, 0x000000071072ecc0, 0x0000000710800000| 59%| E|  |TAMS 0x0000000710600000| PB 0x0000000710600000| Complete 
| 125|0x0000000710800000, 0x0000000710a00000, 0x0000000710a00000|100%| E|CS|TAMS 0x0000000710800000| PB 0x0000000710800000| Complete 
| 126|0x0000000710a00000, 0x0000000710c00000, 0x0000000710c00000|100%| E|CS|TAMS 0x0000000710a00000| PB 0x0000000710a00000| Complete 
| 127|0x0000000710c00000, 0x0000000710e00000, 0x0000000710e00000|100%| E|CS|TAMS 0x0000000710c00000| PB 0x0000000710c00000| Complete 

Card table byte_map: [0x00000234fcef0000,0x00000234fd6f0000] _byte_map_base: 0x00000234f96e9000

Marking Bits: (CMBitMap*) 0x00000234fc572fe0
 Bits: [0x00000234973a0000, 0x000002349b368000)

Polling page: 0x00000234fbcd0000

Metaspace:

Usage:
  Non-class:     75.81 MB used.
      Class:     11.41 MB used.
       Both:     87.22 MB used.

Virtual space:
  Non-class space:      128.00 MB reserved,      76.25 MB ( 60%) committed,  2 nodes.
      Class space:        1.00 GB reserved,      11.75 MB (  1%) committed,  1 nodes.
             Both:        1.12 GB reserved,      88.00 MB (  8%) committed. 

Chunk freelists:
   Non-Class:  3.03 MB
       Class:  4.28 MB
        Both:  7.31 MB

MaxMetaspaceSize: unlimited
CompressedClassSpaceSize: 1.00 GB
Initial GC threshold: 21.00 MB
Current GC threshold: 131.50 MB
CDS: on
 - commit_granule_bytes: 65536.
 - commit_granule_words: 8192.
 - virtual_space_node_default_size: 8388608.
 - enlarge_chunks_in_place: 1.
 - use_allocation_guard: 0.


Internal statistics:

num_allocs_failed_limit: 11.
num_arena_births: 1098.
num_arena_deaths: 0.
num_vsnodes_births: 3.
num_vsnodes_deaths: 0.
num_space_committed: 1408.
num_space_uncommitted: 0.
num_chunks_returned_to_freelist: 11.
num_chunks_taken_from_freelist: 4158.
num_chunk_merges: 8.
num_chunk_splits: 2983.
num_chunks_enlarged: 2320.
num_inconsistent_stats: 0.

CodeHeap 'non-profiled nmethods': size=120000Kb used=4606Kb max_used=4606Kb free=115393Kb
 bounds [0x000002348fe70000, 0x0000023490300000, 0x00000234973a0000]
CodeHeap 'profiled nmethods': size=120000Kb used=14017Kb max_used=14017Kb free=105982Kb
 bounds [0x00000234883a0000, 0x0000023489160000, 0x000002348f8d0000]
CodeHeap 'non-nmethods': size=5760Kb used=1841Kb max_used=1955Kb free=3918Kb
 bounds [0x000002348f8d0000, 0x000002348fb40000, 0x000002348fe70000]
 total_blobs=7641 nmethods=6856 adapters=689
 compilation: enabled
              stopped_count=0, restarted_count=0
 full_count=0

Compilation events (20 events):
Event: 8.496 Thread 0x00000234fff17c80 7999       2       java.math.MutableBigInteger::subtract (220 bytes)
Event: 8.496 Thread 0x00000234fff17c80 nmethod 7999 0x0000023489143d10 code [0x0000023489143f00, 0x00000234891444a8]
Event: 8.496 Thread 0x00000234fff17c80 8003       3       java.math.MutableBigInteger::primitiveRightShift (80 bytes)
Event: 8.496 Thread 0x00000234fff17c80 nmethod 8003 0x0000023489144890 code [0x0000023489144a40, 0x0000023489144cc0]
Event: 8.496 Thread 0x00000234fff17c80 8004 %     3       java.math.MutableBigInteger::add @ 67 (346 bytes)
Event: 8.497 Thread 0x00000234fff17c80 nmethod 8004% 0x0000023489144e90 code [0x00000234891450e0, 0x0000023489145ce8]
Event: 8.497 Thread 0x00000234fff17c80 8002       2       java.math.MutableBigInteger::leftShift (293 bytes)
Event: 8.497 Thread 0x00000234fff17c80 nmethod 8002 0x0000023489146310 code [0x0000023489146540, 0x0000023489146c00]
Event: 8.497 Thread 0x00000234fff17c80 8007 %     3       java.math.MutableBigInteger::primitiveLeftShift @ 33 (89 bytes)
Event: 8.497 Thread 0x00000234fff17c80 nmethod 8007% 0x0000023489146f90 code [0x0000023489147160, 0x0000023489147520]
Event: 8.497 Thread 0x00000234fff17c80 8008 %     3       java.math.MutableBigInteger::subtract @ 77 (220 bytes)
Event: 8.498 Thread 0x00000234fff17c80 nmethod 8008% 0x0000023489147790 code [0x00000234891479c0, 0x0000023489148338]
Event: 8.498 Thread 0x00000234fff17c80 8000       2       java.math.MutableBigInteger::isZero (13 bytes)
Event: 8.498 Thread 0x00000234fff17c80 nmethod 8000 0x0000023489148890 code [0x0000023489148a20, 0x0000023489148b38]
Event: 8.498 Thread 0x00000234fff17c80 8001       2       java.math.MutableBigInteger::isOne (27 bytes)
Event: 8.498 Thread 0x00000234fff17c80 nmethod 8001 0x0000023489148c10 code [0x0000023489148da0, 0x0000023489148f00]
Event: 8.498 Thread 0x00000234fff17c80 8005       2       java.math.SignedMutableBigInteger::signedAdd (34 bytes)
Event: 8.498 Thread 0x00000234fff17c80 nmethod 8005 0x0000023489149010 code [0x00000234891491c0, 0x0000023489149378]
Event: 8.498 Thread 0x00000234fff17c80 8006       2       java.math.SignedMutableBigInteger::signedSubtract (34 bytes)
Event: 8.498 Thread 0x00000234fff17c80 nmethod 8006 0x0000023489149490 code [0x0000023489149640, 0x00000234891497f8]

GC Heap History (20 events):
Event: 4.133 GC heap before
{Heap before GC invocations=9 (full 0):
 garbage-first heap   total 69632K, used 54761K [0x0000000700e00000, 0x0000000800000000)
  region size 2048K, 19 young (38912K), 3 survivors (6144K)
 Metaspace       used 43171K, committed 43712K, reserved 1114112K
  class space    used 5410K, committed 5632K, reserved 1048576K
}
Event: 4.139 GC heap after
{Heap after GC invocations=10 (full 0):
 garbage-first heap   total 69632K, used 24942K [0x0000000700e00000, 0x0000000800000000)
  region size 2048K, 3 young (6144K), 3 survivors (6144K)
 Metaspace       used 43171K, committed 43712K, reserved 1114112K
  class space    used 5410K, committed 5632K, reserved 1048576K
}
Event: 4.614 GC heap before
{Heap before GC invocations=10 (full 0):
 garbage-first heap   total 69632K, used 53614K [0x0000000700e00000, 0x0000000800000000)
  region size 2048K, 18 young (36864K), 3 survivors (6144K)
 Metaspace       used 49514K, committed 50176K, reserved 1114112K
  class space    used 6114K, committed 6400K, reserved 1048576K
}
Event: 4.618 GC heap after
{Heap after GC invocations=11 (full 0):
 garbage-first heap   total 69632K, used 27408K [0x0000000700e00000, 0x0000000800000000)
  region size 2048K, 3 young (6144K), 3 survivors (6144K)
 Metaspace       used 49514K, committed 50176K, reserved 1114112K
  class space    used 6114K, committed 6400K, reserved 1048576K
}
Event: 4.982 GC heap before
{Heap before GC invocations=11 (full 0):
 garbage-first heap   total 69632K, used 54032K [0x0000000700e00000, 0x0000000800000000)
  region size 2048K, 17 young (34816K), 3 survivors (6144K)
 Metaspace       used 53101K, committed 53760K, reserved 1114112K
  class space    used 6438K, committed 6720K, reserved 1048576K
}
Event: 4.985 GC heap after
{Heap after GC invocations=12 (full 0):
 garbage-first heap   total 69632K, used 29741K [0x0000000700e00000, 0x0000000800000000)
  region size 2048K, 3 young (6144K), 3 survivors (6144K)
 Metaspace       used 53101K, committed 53760K, reserved 1114112K
  class space    used 6438K, committed 6720K, reserved 1048576K
}
Event: 6.017 GC heap before
{Heap before GC invocations=12 (full 0):
 garbage-first heap   total 69632K, used 46125K [0x0000000700e00000, 0x0000000800000000)
  region size 2048K, 12 young (24576K), 3 survivors (6144K)
 Metaspace       used 59494K, committed 60160K, reserved 1114112K
  class space    used 7232K, committed 7552K, reserved 1048576K
}
Event: 6.021 GC heap after
{Heap after GC invocations=13 (full 0):
 garbage-first heap   total 69632K, used 31789K [0x0000000700e00000, 0x0000000800000000)
  region size 2048K, 1 young (2048K), 1 survivors (2048K)
 Metaspace       used 59494K, committed 60160K, reserved 1114112K
  class space    used 7232K, committed 7552K, reserved 1048576K
}
Event: 6.475 GC heap before
{Heap before GC invocations=14 (full 0):
 garbage-first heap   total 69632K, used 58413K [0x0000000700e00000, 0x0000000800000000)
  region size 2048K, 14 young (28672K), 1 survivors (2048K)
 Metaspace       used 66894K, committed 67648K, reserved 1114112K
  class space    used 8409K, committed 8768K, reserved 1048576K
}
Event: 6.478 GC heap after
{Heap after GC invocations=15 (full 0):
 garbage-first heap   total 69632K, used 32724K [0x0000000700e00000, 0x0000000800000000)
  region size 2048K, 2 young (4096K), 2 survivors (4096K)
 Metaspace       used 66894K, committed 67648K, reserved 1114112K
  class space    used 8409K, committed 8768K, reserved 1048576K
}
Event: 6.912 GC heap before
{Heap before GC invocations=15 (full 0):
 garbage-first heap   total 69632K, used 55252K [0x0000000700e00000, 0x0000000800000000)
  region size 2048K, 14 young (28672K), 2 survivors (4096K)
 Metaspace       used 74373K, committed 75072K, reserved 1114112K
  class space    used 9440K, committed 9792K, reserved 1048576K
}
Event: 6.916 GC heap after
{Heap after GC invocations=16 (full 0):
 garbage-first heap   total 69632K, used 34036K [0x0000000700e00000, 0x0000000800000000)
  region size 2048K, 2 young (4096K), 2 survivors (4096K)
 Metaspace       used 74373K, committed 75072K, reserved 1114112K
  class space    used 9440K, committed 9792K, reserved 1048576K
}
Event: 7.283 GC heap before
{Heap before GC invocations=16 (full 0):
 garbage-first heap   total 69632K, used 56564K [0x0000000700e00000, 0x0000000800000000)
  region size 2048K, 13 young (26624K), 2 survivors (4096K)
 Metaspace       used 79794K, committed 80512K, reserved 1179648K
  class space    used 10319K, committed 10624K, reserved 1048576K
}
Event: 7.286 GC heap after
{Heap after GC invocations=17 (full 0):
 garbage-first heap   total 69632K, used 34660K [0x0000000700e00000, 0x0000000800000000)
  region size 2048K, 2 young (4096K), 2 survivors (4096K)
 Metaspace       used 79794K, committed 80512K, reserved 1179648K
  class space    used 10319K, committed 10624K, reserved 1048576K
}
Event: 7.666 GC heap before
{Heap before GC invocations=18 (full 0):
 garbage-first heap   total 69632K, used 57188K [0x0000000700e00000, 0x0000000800000000)
  region size 2048K, 13 young (26624K), 2 survivors (4096K)
 Metaspace       used 83820K, committed 84608K, reserved 1179648K
  class space    used 10907K, committed 11264K, reserved 1048576K
}
Event: 7.670 GC heap after
{Heap after GC invocations=19 (full 0):
 garbage-first heap   total 69632K, used 37075K [0x0000000700e00000, 0x0000000800000000)
  region size 2048K, 2 young (4096K), 2 survivors (4096K)
 Metaspace       used 83820K, committed 84608K, reserved 1179648K
  class space    used 10907K, committed 11264K, reserved 1048576K
}
Event: 7.986 GC heap before
{Heap before GC invocations=19 (full 0):
 garbage-first heap   total 69632K, used 57555K [0x0000000700e00000, 0x0000000800000000)
  region size 2048K, 12 young (24576K), 2 survivors (4096K)
 Metaspace       used 86877K, committed 87680K, reserved 1179648K
  class space    used 11328K, committed 11712K, reserved 1048576K
}
Event: 7.990 GC heap after
{Heap after GC invocations=20 (full 0):
 garbage-first heap   total 69632K, used 39058K [0x0000000700e00000, 0x0000000800000000)
  region size 2048K, 2 young (4096K), 2 survivors (4096K)
 Metaspace       used 86877K, committed 87680K, reserved 1179648K
  class space    used 11328K, committed 11712K, reserved 1048576K
}
Event: 8.483 GC heap before
{Heap before GC invocations=20 (full 0):
 garbage-first heap   total 69632K, used 57490K [0x0000000700e00000, 0x0000000800000000)
  region size 2048K, 11 young (22528K), 2 survivors (4096K)
 Metaspace       used 88338K, committed 89088K, reserved 1179648K
  class space    used 11543K, committed 11904K, reserved 1048576K
}
Event: 8.486 GC heap after
{Heap after GC invocations=21 (full 0):
 garbage-first heap   total 69632K, used 40485K [0x0000000700e00000, 0x0000000800000000)
  region size 2048K, 1 young (2048K), 1 survivors (2048K)
 Metaspace       used 88338K, committed 89088K, reserved 1179648K
  class space    used 11543K, committed 11904K, reserved 1048576K
}

Dll operation events (11 events):
Event: 0.006 Loaded shared library C:\Program Files\Java\jdk-21\bin\java.dll
Event: 0.034 Loaded shared library C:\Program Files\Java\jdk-21\bin\jsvml.dll
Event: 0.099 Loaded shared library C:\Program Files\Java\jdk-21\bin\net.dll
Event: 0.100 Loaded shared library C:\Program Files\Java\jdk-21\bin\nio.dll
Event: 0.104 Loaded shared library C:\Program Files\Java\jdk-21\bin\zip.dll
Event: 0.299 Loaded shared library C:\Program Files\Java\jdk-21\bin\jimage.dll
Event: 0.529 Loaded shared library C:\Program Files\Java\jdk-21\bin\management.dll
Event: 0.534 Loaded shared library C:\Program Files\Java\jdk-21\bin\management_ext.dll
Event: 1.749 Loaded shared library C:\Program Files\Java\jdk-21\bin\sunmscapi.dll
Event: 3.830 Loaded shared library C:\Program Files\Java\jdk-21\bin\extnet.dll
Event: 6.130 Loaded shared library C:\Program Files\Java\jdk-21\bin\verify.dll

Deoptimization events (20 events):
Event: 8.454 Thread 0x00000234e1bbf010 DEOPT PACKING pc=0x0000023489111aff sp=0x00000094aacfb170
Event: 8.454 Thread 0x00000234e1bbf010 DEOPT UNPACKING pc=0x000002348f924e42 sp=0x00000094aacfa5d8 mode 0
Event: 8.454 Thread 0x00000234e1bbf010 DEOPT PACKING pc=0x0000023489111aff sp=0x00000094aacfb170
Event: 8.455 Thread 0x00000234e1bbf010 DEOPT UNPACKING pc=0x000002348f924e42 sp=0x00000094aacfa5d8 mode 0
Event: 8.455 Thread 0x00000234e1bbf010 DEOPT PACKING pc=0x0000023489111aff sp=0x00000094aacfb170
Event: 8.455 Thread 0x00000234e1bbf010 DEOPT UNPACKING pc=0x000002348f924e42 sp=0x00000094aacfa5d8 mode 0
Event: 8.455 Thread 0x00000234e1bbf010 DEOPT PACKING pc=0x0000023489111aff sp=0x00000094aacfb140
Event: 8.455 Thread 0x00000234e1bbf010 DEOPT UNPACKING pc=0x000002348f924e42 sp=0x00000094aacfa5a8 mode 0
Event: 8.455 Thread 0x00000234e1bbf010 DEOPT PACKING pc=0x000002348911d774 sp=0x00000094aacfb0f0
Event: 8.455 Thread 0x00000234e1bbf010 DEOPT UNPACKING pc=0x000002348f924e42 sp=0x00000094aacfa670 mode 0
Event: 8.455 Thread 0x00000234e1bbf010 DEOPT PACKING pc=0x0000023489111aff sp=0x00000094aacfb140
Event: 8.455 Thread 0x00000234e1bbf010 DEOPT UNPACKING pc=0x000002348f924e42 sp=0x00000094aacfa5a8 mode 0
Event: 8.455 Thread 0x00000234e1bbf010 DEOPT PACKING pc=0x0000023489111aff sp=0x00000094aacfb140
Event: 8.455 Thread 0x00000234e1bbf010 DEOPT UNPACKING pc=0x000002348f924e42 sp=0x00000094aacfa5a8 mode 0
Event: 8.455 Thread 0x00000234e1bbf010 DEOPT PACKING pc=0x0000023489111aff sp=0x00000094aacfb140
Event: 8.455 Thread 0x00000234e1bbf010 DEOPT UNPACKING pc=0x000002348f924e42 sp=0x00000094aacfa5a8 mode 0
Event: 8.455 Thread 0x00000234e1bbf010 DEOPT PACKING pc=0x0000023489111aff sp=0x00000094aacfb140
Event: 8.455 Thread 0x00000234e1bbf010 DEOPT UNPACKING pc=0x000002348f924e42 sp=0x00000094aacfa5a8 mode 0
Event: 8.496 Thread 0x00000234e1bbf010 DEOPT PACKING pc=0x0000023489140a68 sp=0x00000094aacfb390
Event: 8.496 Thread 0x00000234e1bbf010 DEOPT UNPACKING pc=0x000002348f924e42 sp=0x00000094aacfa810 mode 0

Classes loaded (20 events):
Event: 7.851 Loading class java/util/AbstractList$SubList$1
Event: 7.851 Loading class java/util/AbstractList$SubList$1 done
Event: 7.911 Loading class java/util/EnumMap$EntrySet
Event: 7.911 Loading class java/util/EnumMap$EntrySet done
Event: 7.911 Loading class java/util/EnumMap$EntryIterator
Event: 7.911 Loading class java/util/EnumMap$EnumMapIterator
Event: 7.911 Loading class java/util/EnumMap$EnumMapIterator done
Event: 7.911 Loading class java/util/EnumMap$EntryIterator done
Event: 8.117 Loading class java/nio/StringCharBuffer
Event: 8.117 Loading class java/nio/StringCharBuffer done
Event: 8.132 Loading class sun/security/rsa/RSAKeyPairGenerator$Legacy
Event: 8.132 Loading class sun/security/rsa/RSAKeyPairGenerator
Event: 8.132 Loading class sun/security/rsa/RSAKeyPairGenerator done
Event: 8.132 Loading class sun/security/rsa/RSAKeyPairGenerator$Legacy done
Event: 8.138 Loading class java/security/spec/RSAKeyGenParameterSpec
Event: 8.138 Loading class java/security/spec/RSAKeyGenParameterSpec done
Event: 8.139 Loading class java/math/BitSieve
Event: 8.139 Loading class java/math/BitSieve done
Event: 8.493 Loading class java/math/SignedMutableBigInteger
Event: 8.493 Loading class java/math/SignedMutableBigInteger done

Classes unloaded (0 events):
No events

Classes redefined (0 events):
No events

Internal exceptions (20 events):
Event: 7.198 Thread 0x00000234e1bbf010 Exception <a 'java/lang/NoSuchMethodError'{0x00000007041326c8}: 'java.lang.Object java.lang.invoke.DirectMethodHandle$Holder.newInvokeSpecial(java.lang.Object, java.lang.Object, java.lang.Object, java.lang.Object, java.lang.Object, int, java.lang.Object)'> (0x00000007041326c8) 
thrown [s\open\src\hotspot\share\interpreter\linkResolver.cpp, line 773]
Event: 7.201 Thread 0x00000234e1bbf010 Exception <a 'java/lang/NoSuchMethodError'{0x0000000704162488}: 'java.lang.Object java.lang.invoke.Invokers$Holder.linkToTargetMethod(java.lang.Object, java.lang.Object, java.lang.Object, java.lang.Object, java.lang.Object, java.lang.Object, java.lang.Object, java.lang.Object, java.lang.Object, java.lang.Object, java.lang.Object, java.lang.Object)'> (0x0000000704162488) 
thrown [s\open\src\hotspot\share\interpreter\linkResolver.cpp, line 773]
Event: 7.210 Thread 0x00000234e1bbf010 Exception <a 'java/lang/IncompatibleClassChangeError'{0x00000007041ef2d0}: Found class java.lang.Object, but interface was expected> (0x00000007041ef2d0) 
thrown [s\open\src\hotspot\share\interpreter\linkResolver.cpp, line 840]
Event: 7.222 Thread 0x00000234e1bbf010 Exception <a 'java/lang/IncompatibleClassChangeError'{0x0000000703ec6298}: Found class java.lang.Object, but interface was expected> (0x0000000703ec6298) 
thrown [s\open\src\hotspot\share\interpreter\linkResolver.cpp, line 840]
Event: 7.230 Thread 0x00000234e1bbf010 Exception <a 'java/lang/NoSuchMethodError'{0x0000000703f35a78}: 'java.lang.Object java.lang.invoke.DirectMethodHandle$Holder.newInvokeSpecial(java.lang.Object, java.lang.Object, java.lang.Object, java.lang.Object, java.lang.Object, java.lang.Object, java.lang.Object, int)'> (0x0000000703f35a78) 
thrown [s\open\src\hotspot\share\interpreter\linkResolver.cpp, line 773]
Event: 7.230 Thread 0x00000234e1bbf010 Exception <a 'java/lang/NoSuchMethodError'{0x0000000703f39fd8}: 'java.lang.Object java.lang.invoke.DirectMethodHandle$Holder.invokeSpecial(java.lang.Object, java.lang.Object, java.lang.Object, java.lang.Object, java.lang.Object, java.lang.Object, java.lang.Object, java.lang.Object, int)'> (0x0000000703f39fd8) 
thrown [s\open\src\hotspot\share\interpreter\linkResolver.cpp, line 773]
Event: 7.230 Thread 0x00000234e1bbf010 Exception <a 'java/lang/NoSuchMethodError'{0x0000000703f3dff0}: 'java.lang.Object java.lang.invoke.Invokers$Holder.linkToTargetMethod(java.lang.Object, java.lang.Object, java.lang.Object, java.lang.Object, java.lang.Object, java.lang.Object, int, java.lang.Object)'> (0x0000000703f3dff0) 
thrown [s\open\src\hotspot\share\interpreter\linkResolver.cpp, line 773]
Event: 7.249 Thread 0x00000234e1bbf010 Exception <a 'java/lang/NoSuchMethodError'{0x0000000703c1ebc0}: 'java.lang.Object java.lang.invoke.DirectMethodHandle$Holder.newInvokeSpecial(java.lang.Object, java.lang.Object, int, java.lang.Object, int, java.lang.Object, java.lang.Object)'> (0x0000000703c1ebc0) 
thrown [s\open\src\hotspot\share\interpreter\linkResolver.cpp, line 773]
Event: 7.352 Thread 0x00000234e1bbf010 Exception <a 'java/lang/NoSuchMethodError'{0x0000000710aa6540}: 'void java.lang.invoke.Invokers$Holder.invokeExact_MT(java.lang.Object, java.lang.Object, java.lang.Object, java.lang.Object)'> (0x0000000710aa6540) 
thrown [s\open\src\hotspot\share\interpreter\linkResolver.cpp, line 773]
Event: 7.366 Thread 0x00000234e1bbf010 Implicit null exception at 0x00000234902b2f04 to 0x00000234902b31c4
Event: 7.406 Thread 0x00000234e1bbf010 Exception <a 'java/lang/IncompatibleClassChangeError'{0x00000007106c8ea0}: Found class java.lang.Object, but interface was expected> (0x00000007106c8ea0) 
thrown [s\open\src\hotspot\share\interpreter\linkResolver.cpp, line 840]
Event: 7.432 Thread 0x00000234e1bbf010 Exception <a 'java/lang/IncompatibleClassChangeError'{0x0000000710444370}: Found class java.lang.Object, but interface was expected> (0x0000000710444370) 
thrown [s\open\src\hotspot\share\interpreter\linkResolver.cpp, line 840]
Event: 7.550 Thread 0x00000234e1bbf010 Exception <a 'java/lang/IncompatibleClassChangeError'{0x0000000704331ea0}: Found class java.lang.Object, but interface was expected> (0x0000000704331ea0) 
thrown [s\open\src\hotspot\share\interpreter\linkResolver.cpp, line 840]
Event: 7.591 Thread 0x00000234e1bbf010 Exception <a 'java/lang/IncompatibleClassChangeError'{0x00000007041ca588}: Found class java.lang.Object, but interface was expected> (0x00000007041ca588) 
thrown [s\open\src\hotspot\share\interpreter\linkResolver.cpp, line 840]
Event: 7.662 Thread 0x00000234e1bbf010 Implicit null exception at 0x00000234902bafc4 to 0x00000234902c0214
Event: 7.700 Thread 0x00000234e1bbf010 Exception <a 'java/lang/NoSuchMethodError'{0x0000000710d55dc8}: 'java.lang.Object java.lang.invoke.DirectMethodHandle$Holder.newInvokeSpecial(java.lang.Object, java.lang.Object, java.lang.Object, java.lang.Object, java.lang.Object, java.lang.Object, java.lang.Object, java.lang.Object)'> (0x0000000710d55dc8) 
thrown [s\open\src\hotspot\share\interpreter\linkResolver.cpp, line 773]
Event: 7.930 Thread 0x00000234e1bbf010 Exception <a 'java/lang/IncompatibleClassChangeError'{0x0000000704011330}: Found class java.lang.Object, but interface was expected> (0x0000000704011330) 
thrown [s\open\src\hotspot\share\interpreter\linkResolver.cpp, line 840]
Event: 8.126 Thread 0x00000234e1bbf010 Exception <a 'java/lang/NoSuchMethodError'{0x00000007104cc180}: 'void java.lang.invoke.DirectMethodHandle$Holder.invokeSpecialIFC(java.lang.Object, java.lang.Object, java.lang.Object, java.lang.Object)'> (0x00000007104cc180) 
thrown [s\open\src\hotspot\share\interpreter\linkResolver.cpp, line 773]
Event: 8.442 Thread 0x00000234e1bbf010 Implicit null exception at 0x000002349019d06d to 0x000002349019d2ec
Event: 8.442 Thread 0x00000234e1bbf010 Implicit null exception at 0x00000234900248f8 to 0x000002349002527a

ZGC Phase Switch (0 events):
No events

VM Operations (20 events):
Event: 7.559 Executing VM operation: HandshakeAllThreads (Deoptimize)
Event: 7.559 Executing VM operation: HandshakeAllThreads (Deoptimize) done
Event: 7.666 Executing VM operation: G1CollectForAllocation (G1 Evacuation Pause)
Event: 7.670 Executing VM operation: G1CollectForAllocation (G1 Evacuation Pause) done
Event: 7.826 Executing VM operation: HandshakeAllThreads (Deoptimize)
Event: 7.826 Executing VM operation: HandshakeAllThreads (Deoptimize) done
Event: 7.847 Executing VM operation: HandshakeAllThreads (Deoptimize)
Event: 7.847 Executing VM operation: HandshakeAllThreads (Deoptimize) done
Event: 7.848 Executing VM operation: HandshakeAllThreads (Deoptimize)
Event: 7.848 Executing VM operation: HandshakeAllThreads (Deoptimize) done
Event: 7.939 Executing VM operation: HandshakeAllThreads (Deoptimize)
Event: 7.939 Executing VM operation: HandshakeAllThreads (Deoptimize) done
Event: 7.953 Executing VM operation: HandshakeAllThreads (Deoptimize)
Event: 7.953 Executing VM operation: HandshakeAllThreads (Deoptimize) done
Event: 7.986 Executing VM operation: G1CollectForAllocation (G1 Evacuation Pause)
Event: 7.990 Executing VM operation: G1CollectForAllocation (G1 Evacuation Pause) done
Event: 8.482 Executing VM operation: G1CollectForAllocation (G1 Evacuation Pause)
Event: 8.486 Executing VM operation: G1CollectForAllocation (G1 Evacuation Pause) done
Event: 8.494 Executing VM operation: HandshakeAllThreads (Deoptimize)
Event: 8.494 Executing VM operation: HandshakeAllThreads (Deoptimize) done

Events (20 events):
Event: 7.309 Thread 0x00000234ffee8e60 flushing nmethod 0x000002348ff74410
Event: 7.309 Thread 0x00000234ffee8e60 flushing nmethod 0x000002348ff4cf10
Event: 7.309 Thread 0x00000234ffee8e60 flushing nmethod 0x000002348ff70f10
Event: 7.309 Thread 0x00000234ffee8e60 flushing nmethod 0x000002348ff2f910
Event: 7.309 Thread 0x00000234ffee8e60 flushing nmethod 0x000002348ff20f10
Event: 7.310 Thread 0x00000234ffee8e60 flushing nmethod 0x000002348ff45990
Event: 7.310 Thread 0x00000234ffee8e60 flushing nmethod 0x000002348ff25990
Event: 7.310 Thread 0x00000234ffee8e60 flushing nmethod 0x000002348fed9310
Event: 7.310 Thread 0x00000234ffee8e60 flushing nmethod 0x000002348fee0a10
Event: 7.310 Thread 0x00000234ffee8e60 flushing nmethod 0x000002348feddf10
Event: 7.310 Thread 0x00000234ffee8e60 flushing nmethod 0x000002348fedd610
Event: 7.310 Thread 0x00000234ffee8e60 flushing nmethod 0x000002348fed2b90
Event: 7.310 Thread 0x00000234ffee8e60 flushing nmethod 0x000002348fed1910
Event: 7.310 Thread 0x00000234ffee8e60 flushing nmethod 0x000002348fecd190
Event: 7.310 Thread 0x00000234ffee8e60 flushing nmethod 0x000002348fec1290
Event: 7.310 Thread 0x00000234ffee8e60 flushing nmethod 0x000002348feabd90
Event: 7.310 Thread 0x00000234ffee8e60 flushing nmethod 0x000002348fe94090
Event: 7.310 Thread 0x00000234ffee8e60 flushing nmethod 0x000002348fe8e610
Event: 7.310 Thread 0x00000234ffee8e60 flushing nmethod 0x000002348fe76a90
Event: 7.310 Thread 0x00000234ffee8e60 flushing nmethod 0x000002348fe70610


Dynamic libraries:
0x00007ff729ca0000 - 0x00007ff729cb0000 	C:\Program Files\Java\jdk-21\bin\java.exe
0x00007ffa84930000 - 0x00007ffa84b28000 	C:\WINDOWS\SYSTEM32\ntdll.dll
0x00007ffa844d0000 - 0x00007ffa84592000 	C:\WINDOWS\System32\KERNEL32.DLL
0x00007ffa82660000 - 0x00007ffa82956000 	C:\WINDOWS\System32\KERNELBASE.dll
0x00007ffa82560000 - 0x00007ffa82660000 	C:\WINDOWS\System32\ucrtbase.dll
0x00007ffa70a00000 - 0x00007ffa70a1b000 	C:\Program Files\Java\jdk-21\bin\VCRUNTIME140.dll
0x00007ffa5ee40000 - 0x00007ffa5ee59000 	C:\Program Files\Java\jdk-21\bin\jli.dll
0x00007ffa840c0000 - 0x00007ffa8416f000 	C:\WINDOWS\System32\ADVAPI32.dll
0x00007ffa82ea0000 - 0x00007ffa82f3e000 	C:\WINDOWS\System32\msvcrt.dll
0x00007ffa82df0000 - 0x00007ffa82e8f000 	C:\WINDOWS\System32\sechost.dll
0x00007ffa82b10000 - 0x00007ffa82c33000 	C:\WINDOWS\System32\RPCRT4.dll
0x00007ffa824b0000 - 0x00007ffa824d7000 	C:\WINDOWS\System32\bcrypt.dll
0x00007ffa83d40000 - 0x00007ffa83edd000 	C:\WINDOWS\System32\USER32.dll
0x00007ffa82100000 - 0x00007ffa82122000 	C:\WINDOWS\System32\win32u.dll
0x00007ffa83f50000 - 0x00007ffa83f7b000 	C:\WINDOWS\System32\GDI32.dll
0x00007ffa82340000 - 0x00007ffa8245a000 	C:\WINDOWS\System32\gdi32full.dll
0x00007ffa81370000 - 0x00007ffa8160a000 	C:\WINDOWS\WinSxS\amd64_microsoft.windows.common-controls_6595b64144ccf1df_6.0.19041.5794_none_60bcd33171f2783c\COMCTL32.dll
0x00007ffa82060000 - 0x00007ffa820fd000 	C:\WINDOWS\System32\msvcp_win.dll
0x00007ffa7a130000 - 0x00007ffa7a13a000 	C:\WINDOWS\SYSTEM32\VERSION.dll
0x00007ffa83f80000 - 0x00007ffa83faf000 	C:\WINDOWS\System32\IMM32.DLL
0x00007ffa67610000 - 0x00007ffa6761c000 	C:\Program Files\Java\jdk-21\bin\vcruntime140_1.dll
0x00007ffa0d980000 - 0x00007ffa0da0e000 	C:\Program Files\Java\jdk-21\bin\msvcp140.dll
0x00007ffa0cbc0000 - 0x00007ffa0d8d7000 	C:\Program Files\Java\jdk-21\bin\server\jvm.dll
0x00007ffa845a0000 - 0x00007ffa8460b000 	C:\WINDOWS\System32\WS2_32.dll
0x00007ffa819b0000 - 0x00007ffa819fb000 	C:\WINDOWS\SYSTEM32\POWRPROF.dll
0x00007ffa75610000 - 0x00007ffa75637000 	C:\WINDOWS\SYSTEM32\WINMM.dll
0x00007ffa81700000 - 0x00007ffa81712000 	C:\WINDOWS\SYSTEM32\UMPDC.dll
0x00007ffa7f100000 - 0x00007ffa7f112000 	C:\WINDOWS\SYSTEM32\kernel.appcore.dll
0x00007ffa633f0000 - 0x00007ffa633fa000 	C:\Program Files\Java\jdk-21\bin\jimage.dll
0x00007ffa81a00000 - 0x00007ffa81c01000 	C:\WINDOWS\SYSTEM32\DBGHELP.DLL
0x00007ffa81740000 - 0x00007ffa81774000 	C:\WINDOWS\SYSTEM32\dbgcore.DLL
0x00007ffa81fd0000 - 0x00007ffa82052000 	C:\WINDOWS\System32\bcryptPrimitives.dll
0x00007ffa729f0000 - 0x00007ffa72a2c000 	C:\Program Files\Java\jdk-21\bin\jdwp.dll
0x00007ffa5d260000 - 0x00007ffa5d27f000 	C:\Program Files\Java\jdk-21\bin\java.dll
0x00007ffa82f40000 - 0x00007ffa836ae000 	C:\WINDOWS\System32\SHELL32.dll
0x00007ffa7f300000 - 0x00007ffa7faa3000 	C:\WINDOWS\SYSTEM32\windows.storage.dll
0x00007ffa84170000 - 0x00007ffa844c3000 	C:\WINDOWS\System32\combase.dll
0x00007ffa81210000 - 0x00007ffa8123b000 	C:\WINDOWS\SYSTEM32\Wldp.dll
0x00007ffa84670000 - 0x00007ffa8473d000 	C:\WINDOWS\System32\OLEAUT32.dll
0x00007ffa83fb0000 - 0x00007ffa8405d000 	C:\WINDOWS\System32\SHCORE.dll
0x00007ffa84610000 - 0x00007ffa84665000 	C:\WINDOWS\System32\shlwapi.dll
0x00007ffa81f00000 - 0x00007ffa81f25000 	C:\WINDOWS\SYSTEM32\profapi.dll
0x00007ffa0cae0000 - 0x00007ffa0cbb7000 	C:\Program Files\Java\jdk-21\bin\jsvml.dll
0x00007ffa7e8a0000 - 0x00007ffa7e8ac000 	C:\Program Files\Java\jdk-21\bin\dt_socket.dll
0x00007ffa80c40000 - 0x00007ffa80c7b000 	C:\WINDOWS\SYSTEM32\IPHLPAPI.DLL
0x00007ffa80f80000 - 0x00007ffa80fec000 	C:\WINDOWS\system32\mswsock.dll
0x00007ffa4a5b0000 - 0x00007ffa4a5c0000 	C:\Program Files\Java\jdk-21\bin\net.dll
0x00007ffa7b340000 - 0x00007ffa7b44a000 	C:\WINDOWS\SYSTEM32\WINHTTP.dll
0x00007ffa380b0000 - 0x00007ffa380c6000 	C:\Program Files\Java\jdk-21\bin\nio.dll
0x00007ffa38090000 - 0x00007ffa380a8000 	C:\Program Files\Java\jdk-21\bin\zip.dll
0x00007ffa72870000 - 0x00007ffa7287a000 	C:\Program Files\Java\jdk-21\bin\management.dll
0x00007ffa72860000 - 0x00007ffa7286b000 	C:\Program Files\Java\jdk-21\bin\management_ext.dll
0x00007ffa82e90000 - 0x00007ffa82e98000 	C:\WINDOWS\System32\PSAPI.DLL
0x00007ffa72850000 - 0x00007ffa7285e000 	C:\Program Files\Java\jdk-21\bin\sunmscapi.dll
0x00007ffa821e0000 - 0x00007ffa8233d000 	C:\WINDOWS\System32\CRYPT32.dll
0x00007ffa81320000 - 0x00007ffa81347000 	C:\WINDOWS\SYSTEM32\ncrypt.dll
0x00007ffa812a0000 - 0x00007ffa812db000 	C:\WINDOWS\SYSTEM32\NTASN1.dll
0x00007ffa81d40000 - 0x00007ffa81d58000 	C:\WINDOWS\SYSTEM32\CRYPTSP.dll
0x00007ffa80910000 - 0x00007ffa80948000 	C:\WINDOWS\system32\rsaenh.dll
0x00007ffa81e80000 - 0x00007ffa81eae000 	C:\WINDOWS\SYSTEM32\USERENV.dll
0x00007ffa81180000 - 0x00007ffa8118c000 	C:\WINDOWS\SYSTEM32\CRYPTBASE.dll
0x00007ffa83f40000 - 0x00007ffa83f48000 	C:\WINDOWS\System32\NSI.dll
0x00007ffa80c80000 - 0x00007ffa80d4a000 	C:\WINDOWS\SYSTEM32\DNSAPI.dll
0x0000000056240000 - 0x0000000056266000 	C:\Program Files\Bonjour\mdnsNSP.dll
0x00007ffa6f950000 - 0x00007ffa6f95a000 	C:\Windows\System32\rasadhlp.dll
0x00007ffa7aee0000 - 0x00007ffa7af60000 	C:\WINDOWS\System32\fwpuclnt.dll
0x00007ffa76af0000 - 0x00007ffa76af9000 	C:\Program Files\Java\jdk-21\bin\extnet.dll
0x00007ffa65fb0000 - 0x00007ffa65fc7000 	C:\WINDOWS\system32\napinsp.dll
0x00007ffa63970000 - 0x00007ffa6398b000 	C:\WINDOWS\system32\pnrpnsp.dll
0x00007ffa63950000 - 0x00007ffa6396d000 	C:\WINDOWS\system32\wshbth.dll
0x00007ffa7e510000 - 0x00007ffa7e52d000 	C:\WINDOWS\system32\NLAapi.dll
0x00007ffa63930000 - 0x00007ffa63942000 	C:\WINDOWS\System32\winrnr.dll
0x00007ffa70ec0000 - 0x00007ffa70ed0000 	C:\Program Files\Java\jdk-21\bin\verify.dll

dbghelp: loaded successfully - version: 4.0.5 - missing functions: none
symbol engine: initialized successfully - sym options: 0x614 - pdb path: .;C:\Program Files\Java\jdk-21\bin;C:\WINDOWS\SYSTEM32;C:\WINDOWS\WinSxS\amd64_microsoft.windows.common-controls_6595b64144ccf1df_6.0.19041.5794_none_60bcd33171f2783c;C:\Program Files\Java\jdk-21\bin\server;C:\Program Files\Bonjour

VM Arguments:
jvm_args: -agentlib:jdwp=transport=dt_socket,address=127.0.0.1:55665,suspend=y,server=n -Dfile.encoding=UTF-8 -Dsun.stdout.encoding=UTF-8 -Dsun.stderr.encoding=UTF-8 
java_command: com.project.auth.AuthApplication
java_class_path (initial): D:\Project\Java\Java21\microservices\auth\target\classes;C:\Users\user\.m2\repository\com\project\commons\1.0.2\commons-1.0.2.jar;C:\Users\user\.m2\repository\org\springframework\boot\spring-boot-starter-data-jpa\3.5.0\spring-boot-starter-data-jpa-3.5.0.jar;C:\Users\user\.m2\repository\org\springframework\boot\spring-boot-starter\3.5.0\spring-boot-starter-3.5.0.jar;C:\Users\user\.m2\repository\org\springframework\boot\spring-boot-starter-logging\3.5.0\spring-boot-starter-logging-3.5.0.jar;C:\Users\user\.m2\repository\ch\qos\logback\logback-classic\1.5.18\logback-classic-1.5.18.jar;C:\Users\user\.m2\repository\ch\qos\logback\logback-core\1.5.18\logback-core-1.5.18.jar;C:\Users\user\.m2\repository\org\apache\logging\log4j\log4j-to-slf4j\2.24.3\log4j-to-slf4j-2.24.3.jar;C:\Users\user\.m2\repository\org\apache\logging\log4j\log4j-api\2.24.3\log4j-api-2.24.3.jar;C:\Users\user\.m2\repository\org\slf4j\jul-to-slf4j\2.0.17\jul-to-slf4j-2.0.17.jar;C:\Users\user\.m2\repository\jakarta\annotation\jakarta.annotation-api\2.1.1\jakarta.annotation-api-2.1.1.jar;C:\Users\user\.m2\repository\org\springframework\boot\spring-boot-starter-jdbc\3.5.0\spring-boot-starter-jdbc-3.5.0.jar;C:\Users\user\.m2\repository\com\zaxxer\HikariCP\6.3.0\HikariCP-6.3.0.jar;C:\Users\user\.m2\repository\org\springframework\spring-jdbc\6.2.7\spring-jdbc-6.2.7.jar;C:\Users\user\.m2\repository\org\hibernate\orm\hibernate-core\6.6.15.Final\hibernate-core-6.6.15.Final.jar;C:\Users\user\.m2\repository\jakarta\persistence\jakarta.persistence-api\3.1.0\jakarta.persistence-api-3.1.0.jar;C:\Users\user\.m2\repository\jakarta\transaction\jakarta.transaction-api\2.0.1\jakarta.transaction-api-2.0.1.jar;C:\Users\user\.m2\repository\org\jboss\logging\jboss-logging\3.6.1.Final\jboss-logging-3.6.1.Final.jar;C:\Users\user\.m2\repository\org\hibernate\common\hibernate-commons-annotations\7.0.3.Final\hibernate-commons-annotations-7.0.3.Final.jar;C:\Users\user\.m2\repository\io\smallrye\jandex\3.2.0\jandex-3.2.0.jar;C:\Users\user\.m2\repository\com\fasterxml\classmate\1.7.0\classmate-1.7.0.jar;C:\Users\user\.m2\repository\net\bytebuddy\byte-buddy\1.17.5\byte-buddy-1.17.5.jar;C:\Users\user\.m2\repository\org\glassfish\jaxb\jaxb-runtime\4.0.5\jaxb-runtime-4.0.5.jar;C:\Users\user\.m2\repository\org\glassfish\jaxb\jaxb-core\4.0.5\jaxb-core-4.0.5.jar;C:\Users\user\.m2\repository\org\eclipse\angus\angus-activation\2.0.2\angus-activation-2.0.2.jar;C:\Users\user\.m2\repository\org\glassfish\jaxb\txw2\4.0.5\txw2-4.0.5.jar;C:\Users\user\.m2\repository\com\sun\istack\istack-commons-runtime\4.1.2\istack-commons-runtime-4.1.2.jar;C:\Users\user\.m2\repository\jakarta\inject\jakarta.inject-api\2.0.1\jakarta.inject-api-2.0.1.jar;C:\Users\user\.m2\repository\org\antlr\antlr4-runtime\4.13.0\antlr4-runtime-4.13.0.jar;C:\Users\user\.m2\repository\org\springframework\data\spring-data-jpa\3.5.0\spring-data-jpa-3.5.0.jar;C:\Users\user\.m2\repository\org\springframework\data\spring-data-commons\3.5.0\spring-data-commons-3.5.0.jar;C:\Users\user\.m2\repository\org\springframework\spring-orm\6.2.7\spring-orm-6.2.7.jar;C:\Users\user\.m2\repository\org\springframework\spring-context\6.2.7\spring-context-6.2.7.jar;C:\Users\user\.m2\repository\org\springframework\spring-tx\6.2.7\spring-tx-6.2.7.jar;C:\Users\user\.m2\repository\org\springframework\spring-beans\6.2.7\spring-beans-6.2.7.jar;C:\Users\user\.m2\repository\org\slf4j\slf4j-api\2.0.17\slf4j-api-2.0.17.jar;C:\Users\user\.m2\repository\org\springframework\spring-aspects\6.2.7\spring-aspects-6.2.7.jar;C:\Users\user\.m2\repository\org\aspectj\aspectjweaver\1.9.24\aspectjweaver-1.9.24.jar;C:\Users\user\.m2\repository\org\springframework\boot\spring-boot-starter-oauth2-authorization-server\3.5.0\spring-boot-starter-oauth2-authorization-server-3.5.0.jar;C:\Users\user\.m2\repository\org\springframework\security\spring-security-oauth2-authorization-server\1.5.0\spring-security-oauth2-authorization-server-1.5.0.jar;C:\Users\user\.m2\repository\org\springframework\security\spring-security-oauth2-core\6.5.0\spring-security-oauth2-core-6.5.0.jar;C:\Users\user\.m2\repository\org\springframework\security\spring-security-oauth2-jose\6.5.0\spring-security-oauth2-jose-6.5.0.jar;C:\Users\user\.m2\repository\org\springframework\security\spring-security-oauth2-resource-server\6.5.0\spring-security-oauth2-resource-server-6.5.0.jar;C:\Users\user\.m2\repository\com\nimbusds\nimbus-jose-jwt\9.47\nimbus-jose-jwt-9.47.jar;C:\Users\user\.m2\repository\com\fasterxml\jackson\core\jackson-databind\2.19.0\jackson-databind-2.19.0.jar;C:\Users\user\.m2\repository\com\fasterxml\jackson\core\jackson-annotations\2.19.0\jackson-annotations-2.19.0.jar;C:\Users\user\.m2\repository\com\fasterxml\jackson\core\jackson-core\2.19.0\jackson-core-2.19.0.jar;C:\Users\user\.m2\repository\org\springframework\boot\spring-boot-starter-security\3.5.0\spring-boot-starter-security-3.5.0.jar;C:\Users\user\.m2\repository\org\springframework\spring-aop\6.2.7\spring-aop-6.2.7.jar;C:\Users\user\.m2\repository\org\springframework\security\spring-security-config\6.5.0\spring-security-config-6.5.0.jar;C:\Users\user\.m2\repository\org\springframework\security\spring-security-web\6.5.0\spring-security-web-6.5.0.jar;C:\Users\user\.m2\repository\org\springframework\spring-expression\6.2.7\spring-expression-6.2.7.jar;C:\Users\user\.m2\repository\org\springframework\boot\spring-boot-starter-validation\3.5.0\spring-boot-starter-validation-3.5.0.jar;C:\Users\user\.m2\repository\org\apache\tomcat\embed\tomcat-embed-el\10.1.41\tomcat-embed-el-10.1.41.jar;C:\Users\user\.m2\repository\org\hibernate\validator\hibernate-validator\8.0.2.Final\hibernate-validator-8.0.2.Final.jar;C:\Users\user\.m2\repository\jakarta\validation\jakarta.validation-api\3.0.2\jakarta.validation-api-3.0.2.jar;C:\Users\user\.m2\repository\org\springframework\boot\spring-boot-starter-web\3.5.0\spring-boot-starter-web-3.5.0.jar;C:\Users\user\.m2\repository\org\springframework\boot\spring-boot-starter-json\3.5.0\spring-boot-starter-json-3.5.0.jar;C:\Users\user\.m2\repository\com\fasterxml\jackson\datatype\jackson-datatype-jdk8\2.19.0\jackson-datatype-jdk8-2.19.0.jar;C:\Users\user\.m2\repository\com\fasterxml\jackson\datatype\jackson-datatype-jsr310\2.19.0\jackson-datatype-jsr310-2.19.0.jar;C:\Users\user\.m2\repository\com\fasterxml\jackson\module\jackson-module-parameter-names\2.19.0\jackson-module-parameter-names-2.19.0.jar;C:\Users\user\.m2\repository\org\springframework\boot\spring-boot-starter-tomcat\3.5.0\spring-boot-starter-tomcat-3.5.0.jar;C:\Users\user\.m2\repository\org\apache\tomcat\embed\tomcat-embed-core\10.1.41\tomcat-embed-core-10.1.41.jar;C:\Users\user\.m2\repository\org\apache\tomcat\embed\tomcat-embed-websocket\10.1.41\tomcat-embed-websocket-10.1.41.jar;C:\Users\user\.m2\repository\org\springframework\spring-web\6.2.7\spring-web-6.2.7.jar;C:\Users\user\.m2\repository\io\micrometer\micrometer-observation\1.15.0\micrometer-observation-1.15.0.jar;C:\Users\user\.m2\repository\io\micrometer\micrometer-commons\1.15.0\micrometer-commons-1.15.0.jar;C:\Users\user\.m2\repository\org\springframework\spring-webmvc\6.2.7\spring-webmvc-6.2.7.jar;C:\Users\user\.m2\repository\org\liquibase\liquibase-core\4.31.1\liquibase-core-4.31.1.jar;C:\Users\user\.m2\repository\com\opencsv\opencsv\5.9\opencsv-5.9.jar;C:\Users\user\.m2\repository\org\yaml\snakeyaml\2.4\snakeyaml-2.4.jar;C:\Users\user\.m2\repository\javax\xml\bind\jaxb-api\2.3.1\jaxb-api-2.3.1.jar;C:\Users\user\.m2\repository\org\apache\commons\commons-collections4\4.4\commons-collections4-4.4.jar;C:\Users\user\.m2\repository\org\apache\commons\commons-text\1.13.0\commons-text-1.13.0.jar;C:\Users\user\.m2\repository\org\apache\commons\commons-lang3\3.17.0\commons-lang3-3.17.0.jar;C:\Users\user\.m2\repository\commons-io\commons-io\2.18.0\commons-io-2.18.0.jar;C:\Users\user\.m2\repository\org\springframework\boot\spring-boot-devtools\3.5.0\spring-boot-devtools-3.5.0.jar;C:\Users\user\.m2\repository\org\springframework\boot\spring-boot\3.5.0\spring-boot-3.5.0.jar;C:\Users\user\.m2\repository\org\springframework\boot\spring-boot-autoconfigure\3.5.0\spring-boot-autoconfigure-3.5.0.jar;C:\Users\user\.m2\repository\org\postgresql\postgresql\42.7.5\postgresql-42.7.5.jar;C:\Users\user\.m2\repository\org\checkerframework\checker-qual\3.48.3\checker-qual-3.48.3.jar;C:\Users\user\.m2\repository\jakarta\xml\bind\jakarta.xml.bind-api\4.0.2\jakarta.xml.bind-api-4.0.2.jar;C:\Users\user\.m2\repository\jakarta\activation\jakarta.activation-api\2.1.3\jakarta.activation-api-2.1.3.jar;C:\Users\user\.m2\repository\org\springframework\spring-core\6.2.7\spring-core-6.2.7.jar;C:\Users\user\.m2\repository\org\springframework\spring-jcl\6.2.7\spring-jcl-6.2.7.jar;C:\Users\user\.m2\repository\org\springframework\security\spring-security-core\6.5.0\spring-security-core-6.5.0.jar;C:\Users\user\.m2\repository\org\springframework\security\spring-security-crypto\6.5.0\spring-security-crypto-6.5.0.jar;C:\Users\user\.m2\repository\org\springdoc\springdoc-openapi-starter-webmvc-ui\2.8.8\springdoc-openapi-starter-webmvc-ui-2.8.8.jar;C:\Users\user\.m2\repository\org\springdoc\springdoc-openapi-starter-webmvc-api\2.8.8\springdoc-openapi-starter-webmvc-api-2.8.8.jar;C:\Users\user\.m2\repository\org\springdoc\springdoc-openapi-starter-common\2.8.8\springdoc-openapi-starter-common-2.8.8.jar;C:\Users\user\.m2\repository\io\swagger\core\v3\swagger-core-jakarta\2.2.30\swagger-core-jakarta-2.2.30.jar;C:\Users\user\.m2\repository\io\swagger\core\v3\swagger-annotations-jakarta\2.2.30\swagger-annotations-jakarta-2.2.30.jar;C:\Users\user\.m2\repository\io\swagger\core\v3\swagger-models-jakarta\2.2.30\swagger-models-jakarta-2.2.30.jar;C:\Users\user\.m2\repository\com\fasterxml\jackson\dataformat\jackson-dataformat-yaml\2.19.0\jackson-dataformat-yaml-2.19.0.jar;C:\Users\user\.m2\repository\org\webjars\swagger-ui\5.21.0\swagger-ui-5.21.0.jar;C:\Users\user\.m2\repository\org\webjars\webjars-locator-lite\1.1.0\webjars-locator-lite-1.1.0.jar;C:\Users\user\.m2\repository\org\jspecify\jspecify\1.0.0\jspecify-1.0.0.jar;D:\Program Files\JetBrains\IntelliJ IDEA Community Edition 2022.3.2\lib\idea_rt.jar
Launcher Type: SUN_STANDARD

[Global flags]
     intx CICompilerCount                          = 3                                         {product} {ergonomic}
     uint ConcGCThreads                            = 2                                         {product} {ergonomic}
     uint G1ConcRefinementThreads                  = 6                                         {product} {ergonomic}
   size_t G1HeapRegionSize                         = 2097152                                   {product} {ergonomic}
    uintx GCDrainStackTargetSize                   = 64                                        {product} {ergonomic}
   size_t InitialHeapSize                          = 268435456                                 {product} {ergonomic}
   size_t MarkStackSize                            = 4194304                                   {product} {ergonomic}
   size_t MaxHeapSize                              = 4280287232                                {product} {ergonomic}
   size_t MaxNewSize                               = 2566914048                                {product} {ergonomic}
   size_t MinHeapDeltaBytes                        = 2097152                                   {product} {ergonomic}
   size_t MinHeapSize                              = 8388608                                   {product} {ergonomic}
    uintx NonNMethodCodeHeapSize                   = 5832780                                {pd product} {ergonomic}
    uintx NonProfiledCodeHeapSize                  = 122912730                              {pd product} {ergonomic}
    uintx ProfiledCodeHeapSize                     = 122912730                              {pd product} {ergonomic}
    uintx ReservedCodeCacheSize                    = 251658240                              {pd product} {ergonomic}
     bool SegmentedCodeCache                       = true                                      {product} {ergonomic}
   size_t SoftMaxHeapSize                          = 4280287232                             {manageable} {ergonomic}
     bool UseCompressedOops                        = true                           {product lp64_product} {ergonomic}
     bool UseG1GC                                  = true                                      {product} {ergonomic}
     bool UseLargePagesIndividualAllocation        = false                                  {pd product} {ergonomic}

Logging:
Log output configuration:
 #0: stdout all=warning uptime,level,tags foldmultilines=false
 #1: stderr all=off uptime,level,tags foldmultilines=false

Environment Variables:
JAVA_HOME=C:\Program Files\Java\jdk-21
PATH=C:\Program Files\Common Files\Oracle\Java\javapath;C:\Program Files (x86)\Common Files\Oracle\Java\javapath;C:\Program Files (x86)\Common Files\Intel\Shared Files\cpp\bin\Intel64;C:\WINDOWS\system32;C:\WINDOWS;C:\WINDOWS\System32\Wbem;C:\WINDOWS\System32\WindowsPowerShell\v1.0\;C:\WINDOWS\System32\OpenSSH\;C:\Program Files (x86)\Intel\Intel(R) Management Engine Components\DAL;C:\Program Files\Intel\Intel(R) Management Engine Components\DAL;C:\Program Files\Git\cmd;C:\apache-maven-3.6.3\bin;D:\Project\Cassandra\apache-cassandra-3.11.9\bin;D:\Program Files\MongoDB\Server\4.4\bin\;C:\Program Files\OpenSSL-Win64\bin;C:\Gradle\gradle-7.4.2\bin;D:\Program Files\PuTTY\;C:\ProgramData\chocolatey\bin;C:\Program Files\Java\jdk-21\bin;D:\Project\Redis\Redis-x64-3.0.504;C:\Ruby31-x64\bin;C:\Program Files\WireGuard\;C:\Users\user\AppData\Local\Programs\Python\Python310\Scripts\;C:\Program Files\Docker\Docker\resources\bin;;C:\Program Files\Go\bin;C:\Users\user\AppData\Local\Programs\Python\Python310\;C:\Ruby30-x64\bin;C:\Program Files\MySQL\MySQL Shell 8.0\bin\;C:\Users\user\AppData\Local\Microsoft\WindowsApps;C:\Users\user\AppData\Local\Microsoft\WinGet\Packages\Schniz.fnm_Microsoft.Winget.Source_8wekyb3d8bbwe;C:\Users\user\go\bin;C:\Users\user\AppData\Local\Programs\Microsoft VS Code\bin
USERNAME=user
OS=Windows_NT
PROCESSOR_IDENTIFIER=Intel64 Family 6 Model 158 Stepping 10, GenuineIntel
TMP=C:\Users\user\AppData\Local\Temp
TEMP=C:\Users\user\AppData\Local\Temp




Periodic native trim disabled

---------------  S Y S T E M  ---------------

OS:
 Windows 10 , 64 bit Build 19041 (10.0.19041.5794)
OS uptime: 0 days 14:04 hours
Hyper-V role detected

CPU: total 6 (initial active 6) (6 cores per cpu, 1 threads per core) family 6 model 158 stepping 10 microcode 0xca, cx8, cmov, fxsr, mmx, 3dnowpref, sse, sse2, sse3, ssse3, sse4.1, sse4.2, popcnt, lzcnt, tsc, tscinvbit, avx, avx2, aes, erms, clmul, bmi1, bmi2, adx, fma, vzeroupper, clflush, clflushopt, hv, rdtscp, f16c
Processor Information for all 6 processors :
  Max Mhz: 2904, Current Mhz: 2904, Mhz Limit: 2904

Memory: 4k page, system-wide physical 16326M (3202M free)
TotalPageFile size 30150M (AvailPageFile size 9616M)
current process WorkingSet (physical memory assigned to process): 341M, peak: 353M
current process commit charge ("private bytes"): 373M, peak: 405M

vm_info: Java HotSpot(TM) 64-Bit Server VM (21.0.2+13-LTS-58) for windows-amd64 JRE (21.0.2+13-LTS-58), built on 2024-01-05T18:32:24Z by "mach5one" with MS VC++ 17.1 (VS2022)

END.
