#
# A fatal error has been detected by the Java Runtime Environment:
#
#  EXCEPTION_ACCESS_VIOLATION (0xc0000005) at pc=0x00007fffc252b309, pid=19316, tid=308
#
# JRE version: Java(TM) SE Runtime Environment (21.0.2+13) (build 21.0.2+13-LTS-58)
# Java VM: Java HotSpot(TM) 64-Bit Server VM (21.0.2+13-LTS-58, mixed mode, sharing, tiered, compressed oops, compressed class ptrs, g1 gc, windows-amd64)
# Problematic frame:
# V  [jvm.dll+0x31b309]
#
# No core dump will be written. Minidumps are not enabled by default on client versions of Windows
#
# If you would like to submit a bug report, please visit:
#   https://bugreport.java.com/bugreport/crash.jsp
#

---------------  S U M M A R Y ------------

Command Line: -Dmaven.multiModuleProjectDirectory=D:\Project\Java\Java21\microservices\commons -Djansi.passthrough=true -Dmaven.home=C:\Users\user\.m2\wrapper\dists\apache-maven-3.9.7-bin\3k9n615lchs6mp84v355m633uo\apache-maven-3.9.7 -Dclassworlds.conf=C:\Users\user\.m2\wrapper\dists\apache-maven-3.9.7-bin\3k9n615lchs6mp84v355m633uo\apache-maven-3.9.7\bin\m2.conf -Dmaven.ext.class.path=D:\Program Files\JetBrains\IntelliJ IDEA Community Edition 2022.3.2\plugins\maven\lib\maven-event-listener.jar -javaagent:D:\Program Files\JetBrains\IntelliJ IDEA Community Edition 2022.3.2\lib\idea_rt.jar=63784:D:\Program Files\JetBrains\IntelliJ IDEA Community Edition 2022.3.2\bin -Dfile.encoding=UTF-8 -Dsun.stdout.encoding=UTF-8 -Dsun.stderr.encoding=UTF-8 org.codehaus.classworlds.Launcher -Didea.version=2022.3.2 install

Host: Intel(R) Core(TM) i5-9400F CPU @ 2.90GHz, 6 cores, 15G,  Windows 10 , 64 bit Build 19041 (10.0.19041.5794)
Time: Sun May 18 16:36:24 2025 SE Asia Standard Time elapsed time: 2.689660 seconds (0d 0h 0m 2s)

---------------  T H R E A D  ---------------

Current thread (0x000001c9a7086f80):  WorkerThread "G1 Conc#0"      [id=308, stack(0x0000008815200000,0x0000008815300000) (1024K)]

Stack: [0x0000008815200000,0x0000008815300000],  sp=0x00000088152ffb70,  free space=1022k
Native frames: (J=compiled Java code, j=interpreted, Vv=VM code, C=native code)
V  [jvm.dll+0x31b309]
V  [jvm.dll+0x330a65]
V  [jvm.dll+0x337314]
V  [jvm.dll+0x883eb7]
V  [jvm.dll+0x7ff568]
V  [jvm.dll+0x6c953d]
C  [ucrtbase.dll+0x21bb2]
C  [KERNEL32.DLL+0x17374]
C  [ntdll.dll+0x4cc91]


siginfo: EXCEPTION_ACCESS_VIOLATION (0xc0000005), reading address 0x0000000000000060


Registers:
RAX=0x0000000000000000, RBX=0x0000000707f72060, RCX=0x0000000000000015, RDX=0x0000000000000000
RSP=0x00000088152ffb70, RBP=0x0000000000000000, RSI=0x000001c9a7075bd0, RDI=0x000000074fcf7020
R8 =0x000000074fcf7020, R9 =0x0000000000000277, R10=0x000001c9a701f600, R11=0x0000000000000003
R12=0x0000000000000000, R13=0x00007fffc2dcccb0, R14=0x0000000708000000, R15=0x00000088151ff6e0
RIP=0x00007fffc252b309, EFLAGS=0x0000000000010206


Register to memory mapping:

RAX=0x0 is null
RBX=0x0000000707f72060 is pointing into object: [Lsun.reflect.generics.tree.TypeArgument; 
{0x0000000707f72050} - klass: 'sun/reflect/generics/tree/TypeArgument'[]
 - length: 1
RCX=0x0000000000000015 is an unknown value
RDX=0x0 is null
RSP=0x00000088152ffb70 points into unknown readable memory: 0x00000088152ffbf0 | f0 fb 2f 15 88 00 00 00
RBP=0x0 is null
RSI=0x000001c9a7075bd0 points into unknown readable memory: 0x000001c9a7086580 | 80 65 08 a7 c9 01 00 00
RDI=0x000000074fcf7020 is an unallocated location in the heap
R8 =0x000000074fcf7020 is an unallocated location in the heap
R9 =0x0000000000000277 is an unknown value
R10=0x000001c9a701f600 points into unknown readable memory: 0x00007fffc2be10b0 | b0 10 be c2 ff 7f 00 00
R11=0x0000000000000003 is an unknown value
R12=0x0 is null
R13=0x00007fffc2dcccb0 jvm.dll
R14=0x0000000708000000 is an oop: org.codehaus.plexus.component.repository.ComponentDependency 
{0x0000000708000000} - klass: 'org/codehaus/plexus/component/repository/ComponentDependency'
 - ---- fields (total size 4 words):
 - private 'groupId' 'Ljava/lang/String;' @12  "org.codehaus.plexus"{0x0000000708000020} (0xe1000004)
 - private 'artifactId' 'Ljava/lang/String;' @16  "plexus-xml"{0x0000000708000060} (0xe100000c)
 - private 'version' 'Ljava/lang/String;' @20  "3.0.0"{0x0000000708000098} (0xe1000013)
 - private 'type' 'Ljava/lang/String;' @24  "jar"{0x00000007080000c8} (0xe1000019)
R15=0x00000088151ff6e0 points into unknown readable memory: 0x00007fffc2be3000 | 00 30 be c2 ff 7f 00 00

Top of Stack: (sp=0x00000088152ffb70)
0x00000088152ffb70:   00000088152ffbf0 00007fffc2540c29
0x00000088152ffb80:   0000000707f72030 00007fffc2540507
0x00000088152ffb90:   00000088152ffbf0 00007fffc2540a65
0x00000088152ffba0:   000001c9c600eb68 000001c9a7075bd0
0x00000088152ffbb0:   0000000707f72064 0000000708000000
0x00000088152ffbc0:   0000000000000003 00007fffc2547314
0x00000088152ffbd0:   000001c9c706e578 0000000707f72050
0x00000088152ffbe0:   000001c9a7075bd0 0000000000000001
0x00000088152ffbf0:   00007fffc2be2a10 0000000000000000
0x00000088152ffc00:   0000000000000003 000001c9a701f600
0x00000088152ffc10:   000001c9a7075bd0 0000000000000000
0x00000088152ffc20:   000001c9a70263e8 0000000000000000
0x00000088152ffc30:   0000000000000070 0000000000000030
0x00000088152ffc40:   000001c9a7086f80 00007fffc2a93eb7
0x00000088152ffc50:   000001c9a7014ea8 0000000000000000
0x00000088152ffc60:   000001c9a7093040 000001c9a7093040
0x00000088152ffc70:   0000000000000000 000001c9a7086f80
0x00000088152ffc80:   0000000000000000 0000000000100000
0x00000088152ffc90:   0000000000000000 00007fffc2a0f568
0x00000088152ffca0:   000001c9a7086f80 00000000ffffffff
0x00000088152ffcb0:   0000000000000000 0000000000000000
0x00000088152ffcc0:   0000000000000004 0000000000001000
0x00000088152ffcd0:   0000000400001000 0000000000020000
0x00000088152ffce0:   0000000000000000 00007fffc2a0fd3a
0x00000088152ffcf0:   000001c9a7086f80 0000000000000000
0x00000088152ffd00:   0000514b5fcaa6b5 0000000000000000
0x00000088152ffd10:   0000000000000000 00007fffc28d953d
0x00000088152ffd20:   000001c9a7086f80 000001c9a7086f80
0x00000088152ffd30:   00000000000075a3 0000000000000000
0x00000088152ffd40:   0000000000000000 00007ff803931bb2
0x00000088152ffd50:   000001c9000075a3 000001c9a7027230
0x00000088152ffd60:   0000000000000000 0000000000000000 

Instructions: (pc=0x00007fffc252b309)
0x00007fffc252b209:   8b 83 a8 00 00 00 48 39 83 a0 00 00 00 73 10 48
0x00007fffc252b219:   8b 83 c0 00 00 00 48 39 83 b8 00 00 00 72 7f 48
0x00007fffc252b229:   8b cb e8 20 a3 01 00 b0 01 48 8b 5c 24 30 48 83
0x00007fffc252b239:   c4 20 5f c3 48 8b 53 30 44 8b 82 80 00 00 00 8b
0x00007fffc252b249:   82 00 01 00 00 41 8b c8 2b c8 81 e1 ff ff 01 00
0x00007fffc252b259:   81 f9 fe ff 01 00 72 2c 48 8b cb e8 a7 96 01 00
0x00007fffc252b269:   48 8b 53 30 44 8b 82 80 00 00 00 8b 82 00 01 00
0x00007fffc252b279:   00 41 8b c8 2b c8 81 e1 ff ff 01 00 81 f9 fe ff
0x00007fffc252b289:   01 00 73 1a 48 8b 82 80 01 00 00 4a 89 3c c0 41
0x00007fffc252b299:   8d 40 01 25 ff ff 01 00 89 82 80 00 00 00 48 8b
0x00007fffc252b2a9:   5c 24 30 b0 01 48 83 c4 20 5f c3 cc cc cc cc cc
0x00007fffc252b2b9:   cc cc cc cc cc cc cc 48 89 6c 24 10 48 89 74 24
0x00007fffc252b2c9:   18 57 48 83 ec 20 4c 8b 51 08 48 8b f1 4d 8b c8
0x00007fffc252b2d9:   8b ea 49 8b f8 41 8b 8a 18 02 00 00 49 8b 82 10
0x00007fffc252b2e9:   02 00 00 48 d3 e0 8b 0d 1b 9b 90 00 4c 2b c8 49
0x00007fffc252b2f9:   8b 82 f8 01 00 00 49 d3 e9 45 8b c9 4a 8b 04 c8
0x00007fffc252b309:   48 8b 40 60 4c 3b c0 72 12 32 c0 48 8b 6c 24 38
0x00007fffc252b319:   48 8b 74 24 40 48 83 c4 20 5f c3 48 8b 46 10 48
0x00007fffc252b329:   8d 4e 10 48 8b d7 48 89 5c 24 30 ff 10 8b 4e 28
0x00007fffc252b339:   48 8b d7 48 2b 56 18 48 8b 46 30 48 c1 ea 03 48
0x00007fffc252b349:   d3 ea 48 8b ca 48 c1 e9 06 4c 8d 04 c8 0f b6 ca
0x00007fffc252b359:   49 8b 00 80 e1 3f ba 01 00 00 00 48 d3 e2 48 8b
0x00007fffc252b369:   c8 48 0b ca 48 3b c8 74 12 f0 49 0f b1 08 74 25
0x00007fffc252b379:   48 8b c8 48 0b ca 48 3b c8 75 ee 32 db 48 8b 6c
0x00007fffc252b389:   24 38 0f b6 c3 48 8b 5c 24 30 48 8b 74 24 40 48
0x00007fffc252b399:   83 c4 20 5f c3 80 3d 79 21 8a 00 00 b3 01 74 15
0x00007fffc252b3a9:   8b 57 08 8b 0d c6 0b 8a 00 48 d3 e2 48 03 15 b4
0x00007fffc252b3b9:   0b 8a 00 eb 04 48 8b 57 08 48 8b cf e8 86 2f e2
0x00007fffc252b3c9:   ff 48 8b 8e b8 02 00 00 4c 8b d8 4c 8b 0c e9 49
0x00007fffc252b3d9:   8b 51 18 8b 8a 18 02 00 00 4c 8b 82 10 02 00 00
0x00007fffc252b3e9:   41 8b 51 60 49 d3 e0 8b 0d 1a 9a 90 00 49 2b f8
0x00007fffc252b3f9:   48 d3 ef 44 8b d7 49 23 d2 48 c1 e2 04 49 03 51 


Stack slot to memory mapping:

stack at sp + 0 slots: 0x00000088152ffbf0 points into unknown readable memory: 0x00007fffc2be2a10 | 10 2a be c2 ff 7f 00 00
stack at sp + 1 slots: 0x00007fffc2540c29 jvm.dll
stack at sp + 2 slots: 0x0000000707f72030 is an oop: [B 
{0x0000000707f72030} - klass: {type array byte}
 - length: 14
stack at sp + 3 slots: 0x00007fffc2540507 jvm.dll
stack at sp + 4 slots: 0x00000088152ffbf0 points into unknown readable memory: 0x00007fffc2be2a10 | 10 2a be c2 ff 7f 00 00
stack at sp + 5 slots: 0x00007fffc2540a65 jvm.dll
stack at sp + 6 slots: 0x000001c9c600eb68 is pointing into metadata
stack at sp + 7 slots: 0x000001c9a7075bd0 points into unknown readable memory: 0x000001c9a7086580 | 80 65 08 a7 c9 01 00 00


---------------  P R O C E S S  ---------------

Threads class SMR info:
_java_thread_list=0x000001ca0c533df0, length=14, elements={
0x000001c9a700dca0, 0x000001c9c5d6b340, 0x000001c9c5d6c060, 0x000001c9c5d6dc30,
0x000001c9c5d6e690, 0x000001c9c5d6f0f0, 0x000001c9c5d6fdd0, 0x000001c9c5d7d340,
0x000001c9c5da0b90, 0x000001ca0b0a3770, 0x000001ca0b1c8a40, 0x000001ca0b1c90b0,
0x000001c9c5da26d0, 0x000001ca0c615dc0
}

Java Threads: ( => current thread )
  0x000001c9a700dca0 JavaThread "main"                              [_thread_in_vm, id=15412, stack(0x0000008814f00000,0x0000008815000000) (1024K)]
  0x000001c9c5d6b340 JavaThread "Reference Handler"          daemon [_thread_blocked, id=19620, stack(0x0000008815700000,0x0000008815800000) (1024K)]
  0x000001c9c5d6c060 JavaThread "Finalizer"                  daemon [_thread_blocked, id=4376, stack(0x0000008815800000,0x0000008815900000) (1024K)]
  0x000001c9c5d6dc30 JavaThread "Signal Dispatcher"          daemon [_thread_blocked, id=16708, stack(0x0000008815900000,0x0000008815a00000) (1024K)]
  0x000001c9c5d6e690 JavaThread "Attach Listener"            daemon [_thread_blocked, id=9408, stack(0x0000008815a00000,0x0000008815b00000) (1024K)]
  0x000001c9c5d6f0f0 JavaThread "Service Thread"             daemon [_thread_blocked, id=10272, stack(0x0000008815b00000,0x0000008815c00000) (1024K)]
  0x000001c9c5d6fdd0 JavaThread "Monitor Deflation Thread"   daemon [_thread_blocked, id=9824, stack(0x0000008815c00000,0x0000008815d00000) (1024K)]
  0x000001c9c5d7d340 JavaThread "C2 CompilerThread0"         daemon [_thread_blocked, id=13952, stack(0x0000008815d00000,0x0000008815e00000) (1024K)]
  0x000001c9c5da0b90 JavaThread "C1 CompilerThread0"         daemon [_thread_blocked, id=20496, stack(0x0000008815e00000,0x0000008815f00000) (1024K)]
  0x000001ca0b0a3770 JavaThread "Common-Cleaner"             daemon [_thread_blocked, id=21908, stack(0x0000008815f00000,0x0000008816000000) (1024K)]
  0x000001ca0b1c8a40 JavaThread "Monitor Ctrl-Break"         daemon [_thread_in_native, id=13936, stack(0x0000008816000000,0x0000008816100000) (1024K)]
  0x000001ca0b1c90b0 JavaThread "Notification Thread"        daemon [_thread_blocked, id=15624, stack(0x0000008816100000,0x0000008816200000) (1024K)]
  0x000001c9c5da26d0 JavaThread "C2 CompilerThread1"         daemon [_thread_in_native, id=16840, stack(0x0000008816200000,0x0000008816300000) (1024K)]
  0x000001ca0c615dc0 JavaThread "Thread-1"                   daemon [_thread_blocked, id=9104, stack(0x0000008816800000,0x0000008816900000) (1024K)]
Total: 14

Other Threads:
  0x000001c9c5d4cf30 VMThread "VM Thread"                           [id=18392, stack(0x0000008815600000,0x0000008815700000) (1024K)]
  0x000001c9c5d351b0 WatcherThread "VM Periodic Task Thread"        [id=14316, stack(0x0000008815500000,0x0000008815600000) (1024K)]
  0x000001c9a70755e0 WorkerThread "GC Thread#0"                     [id=4780, stack(0x0000008815000000,0x0000008815100000) (1024K)]
  0x000001ca0bc28500 WorkerThread "GC Thread#1"                     [id=21560, stack(0x0000008816300000,0x0000008816400000) (1024K)]
  0x000001ca0bc288a0 WorkerThread "GC Thread#2"                     [id=22512, stack(0x0000008816400000,0x0000008816500000) (1024K)]
  0x000001ca0bc28c40 WorkerThread "GC Thread#3"                     [id=14696, stack(0x0000008816500000,0x0000008816600000) (1024K)]
  0x000001ca0bc291f0 WorkerThread "GC Thread#4"                     [id=19672, stack(0x0000008816600000,0x0000008816700000) (1024K)]
  0x000001ca0bc1cce0 WorkerThread "GC Thread#5"                     [id=16984, stack(0x0000008816700000,0x0000008816800000) (1024K)]
  0x000001c9a7086580 ConcurrentGCThread "G1 Main Marker"            [id=18224, stack(0x0000008815100000,0x0000008815200000) (1024K)]
=>0x000001c9a7086f80 WorkerThread "G1 Conc#0"                       [id=308, stack(0x0000008815200000,0x0000008815300000) (1024K)]
  0x000001ca0c71a770 WorkerThread "G1 Conc#1"                       [id=21820, stack(0x0000008816900000,0x0000008816a00000) (1024K)]
  0x000001c9a70deb30 ConcurrentGCThread "G1 Refine#0"               [id=11724, stack(0x0000008815300000,0x0000008815400000) (1024K)]
  0x000001c9c5bf8740 ConcurrentGCThread "G1 Service"                [id=21540, stack(0x0000008815400000,0x0000008815500000) (1024K)]
Total: 13

Threads with active compile tasks:
C2 CompilerThread1     2732 4854   !   4       jdk.internal.loader.BuiltinClassLoader::loadClassOrNull (143 bytes)
Total: 1

VM state: not at safepoint (normal execution)

VM Mutex/Monitor currently owned by a thread: None

Heap address: 0x0000000700e00000, size: 4082 MB, Compressed Oops mode: Zero based, Oop shift amount: 3

CDS archive(s) mapped at: [0x000001c9c6000000-0x000001c9c6c90000-0x000001c9c6c90000), size 13172736, SharedBaseAddress: 0x000001c9c6000000, ArchiveRelocationMode: 1.
Compressed class space mapped at: 0x000001c9c7000000-0x000001ca07000000, reserved size: 1073741824
Narrow klass base: 0x000001c9c6000000, Narrow klass shift: 0, Narrow klass range: 0x100000000

GC Precious Log:
 CardTable entry size: 512
 Card Set container configuration: InlinePtr #cards 4 size 8 Array Of Cards #cards 16 size 48 Howl #buckets 8 coarsen threshold 3686 Howl Bitmap #cards 512 size 80 coarsen threshold 460 Card regions per heap region 1 cards per card region 4096
 CPUs: 6 total, 6 available
 Memory: 16326M
 Large Page Support: Disabled
 NUMA Support: Disabled
 Compressed Oops: Enabled (Zero based)
 Heap Region Size: 2M
 Heap Min Capacity: 8M
 Heap Initial Capacity: 256M
 Heap Max Capacity: 4082M
 Pre-touch: Disabled
 Parallel Workers: 6
 Concurrent Workers: 2
 Concurrent Refinement Workers: 6
 Periodic GC: Disabled

Heap:
 garbage-first heap   total 262144K, used 30902K [0x0000000700e00000, 0x0000000800000000)
  region size 2048K, 11 young (22528K), 9 survivors (18432K)
 Metaspace       used 22957K, committed 23296K, reserved 1114112K
  class space    used 2647K, committed 2752K, reserved 1048576K

Heap Regions: E=young(eden), S=young(survivor), O=old, HS=humongous(starts), HC=humongous(continues), CS=collection set, F=free, TAMS=top-at-mark-start, PB=parsable bottom
|   0|0x0000000700e00000, 0x0000000701000000, 0x0000000701000000|100%| O|  |TAMS 0x0000000701000000| PB 0x0000000700e00000| Untracked 
|   1|0x0000000701000000, 0x00000007011bb008, 0x0000000701200000| 86%| O|  |TAMS 0x00000007011bb008| PB 0x0000000701000000| Untracked 
|   2|0x0000000701200000, 0x0000000701400000, 0x0000000701400000|100%|HS|  |TAMS 0x0000000701400000| PB 0x0000000701200000| Complete 
|   3|0x0000000701400000, 0x0000000701600000, 0x0000000701600000|100%|HC|  |TAMS 0x0000000701600000| PB 0x0000000701400000| Complete 
|   4|0x0000000701600000, 0x0000000701800000, 0x0000000701800000|100%|HS|  |TAMS 0x0000000701800000| PB 0x0000000701600000| Complete 
|   5|0x0000000701800000, 0x0000000701a00000, 0x0000000701a00000|100%|HC|  |TAMS 0x0000000701a00000| PB 0x0000000701800000| Complete 
|   6|0x0000000701a00000, 0x0000000701a00000, 0x0000000701c00000|  0%| F|  |TAMS 0x0000000701a00000| PB 0x0000000701a00000| Untracked 
|   7|0x0000000701c00000, 0x0000000701c00000, 0x0000000701e00000|  0%| F|  |TAMS 0x0000000701c00000| PB 0x0000000701c00000| Untracked 
|   8|0x0000000701e00000, 0x0000000701e00000, 0x0000000702000000|  0%| F|  |TAMS 0x0000000701e00000| PB 0x0000000701e00000| Untracked 
|   9|0x0000000702000000, 0x0000000702000000, 0x0000000702200000|  0%| F|  |TAMS 0x0000000702000000| PB 0x0000000702000000| Untracked 
|  10|0x0000000702200000, 0x0000000702200000, 0x0000000702400000|  0%| F|  |TAMS 0x0000000702200000| PB 0x0000000702200000| Untracked 
|  11|0x0000000702400000, 0x0000000702400000, 0x0000000702600000|  0%| F|  |TAMS 0x0000000702400000| PB 0x0000000702400000| Untracked 
|  12|0x0000000702600000, 0x0000000702600000, 0x0000000702800000|  0%| F|  |TAMS 0x0000000702600000| PB 0x0000000702600000| Untracked 
|  13|0x0000000702800000, 0x0000000702800000, 0x0000000702a00000|  0%| F|  |TAMS 0x0000000702800000| PB 0x0000000702800000| Untracked 
|  14|0x0000000702a00000, 0x0000000702a00000, 0x0000000702c00000|  0%| F|  |TAMS 0x0000000702a00000| PB 0x0000000702a00000| Untracked 
|  15|0x0000000702c00000, 0x0000000702c00000, 0x0000000702e00000|  0%| F|  |TAMS 0x0000000702c00000| PB 0x0000000702c00000| Untracked 
|  16|0x0000000702e00000, 0x0000000702e00000, 0x0000000703000000|  0%| F|  |TAMS 0x0000000702e00000| PB 0x0000000702e00000| Untracked 
|  17|0x0000000703000000, 0x0000000703000000, 0x0000000703200000|  0%| F|  |TAMS 0x0000000703000000| PB 0x0000000703000000| Untracked 
|  18|0x0000000703200000, 0x0000000703200000, 0x0000000703400000|  0%| F|  |TAMS 0x0000000703200000| PB 0x0000000703200000| Untracked 
|  19|0x0000000703400000, 0x0000000703400000, 0x0000000703600000|  0%| F|  |TAMS 0x0000000703400000| PB 0x0000000703400000| Untracked 
|  20|0x0000000703600000, 0x0000000703600000, 0x0000000703800000|  0%| F|  |TAMS 0x0000000703600000| PB 0x0000000703600000| Untracked 
|  21|0x0000000703800000, 0x0000000703800000, 0x0000000703a00000|  0%| F|  |TAMS 0x0000000703800000| PB 0x0000000703800000| Untracked 
|  22|0x0000000703a00000, 0x0000000703a00000, 0x0000000703c00000|  0%| F|  |TAMS 0x0000000703a00000| PB 0x0000000703a00000| Untracked 
|  23|0x0000000703c00000, 0x0000000703c00000, 0x0000000703e00000|  0%| F|  |TAMS 0x0000000703c00000| PB 0x0000000703c00000| Untracked 
|  24|0x0000000703e00000, 0x0000000703e00000, 0x0000000704000000|  0%| F|  |TAMS 0x0000000703e00000| PB 0x0000000703e00000| Untracked 
|  25|0x0000000704000000, 0x0000000704000000, 0x0000000704200000|  0%| F|  |TAMS 0x0000000704000000| PB 0x0000000704000000| Untracked 
|  26|0x0000000704200000, 0x0000000704200000, 0x0000000704400000|  0%| F|  |TAMS 0x0000000704200000| PB 0x0000000704200000| Untracked 
|  27|0x0000000704400000, 0x0000000704400000, 0x0000000704600000|  0%| F|  |TAMS 0x0000000704400000| PB 0x0000000704400000| Untracked 
|  28|0x0000000704600000, 0x0000000704600000, 0x0000000704800000|  0%| F|  |TAMS 0x0000000704600000| PB 0x0000000704600000| Untracked 
|  29|0x0000000704800000, 0x0000000704800000, 0x0000000704a00000|  0%| F|  |TAMS 0x0000000704800000| PB 0x0000000704800000| Untracked 
|  30|0x0000000704a00000, 0x0000000704a00000, 0x0000000704c00000|  0%| F|  |TAMS 0x0000000704a00000| PB 0x0000000704a00000| Untracked 
|  31|0x0000000704c00000, 0x0000000704c00000, 0x0000000704e00000|  0%| F|  |TAMS 0x0000000704c00000| PB 0x0000000704c00000| Untracked 
|  32|0x0000000704e00000, 0x0000000704e00000, 0x0000000705000000|  0%| F|  |TAMS 0x0000000704e00000| PB 0x0000000704e00000| Untracked 
|  33|0x0000000705000000, 0x0000000705000000, 0x0000000705200000|  0%| F|  |TAMS 0x0000000705000000| PB 0x0000000705000000| Untracked 
|  34|0x0000000705200000, 0x0000000705200000, 0x0000000705400000|  0%| F|  |TAMS 0x0000000705200000| PB 0x0000000705200000| Untracked 
|  35|0x0000000705400000, 0x0000000705400000, 0x0000000705600000|  0%| F|  |TAMS 0x0000000705400000| PB 0x0000000705400000| Untracked 
|  36|0x0000000705600000, 0x0000000705600000, 0x0000000705800000|  0%| F|  |TAMS 0x0000000705600000| PB 0x0000000705600000| Untracked 
|  37|0x0000000705800000, 0x0000000705800000, 0x0000000705a00000|  0%| F|  |TAMS 0x0000000705800000| PB 0x0000000705800000| Untracked 
|  38|0x0000000705a00000, 0x0000000705a00000, 0x0000000705c00000|  0%| F|  |TAMS 0x0000000705a00000| PB 0x0000000705a00000| Untracked 
|  39|0x0000000705c00000, 0x0000000705c00000, 0x0000000705e00000|  0%| F|  |TAMS 0x0000000705c00000| PB 0x0000000705c00000| Untracked 
|  40|0x0000000705e00000, 0x0000000705e00000, 0x0000000706000000|  0%| F|  |TAMS 0x0000000705e00000| PB 0x0000000705e00000| Untracked 
|  41|0x0000000706000000, 0x0000000706000000, 0x0000000706200000|  0%| F|  |TAMS 0x0000000706000000| PB 0x0000000706000000| Untracked 
|  42|0x0000000706200000, 0x0000000706200000, 0x0000000706400000|  0%| F|  |TAMS 0x0000000706200000| PB 0x0000000706200000| Untracked 
|  43|0x0000000706400000, 0x0000000706400000, 0x0000000706600000|  0%| F|  |TAMS 0x0000000706400000| PB 0x0000000706400000| Untracked 
|  44|0x0000000706600000, 0x0000000706600000, 0x0000000706800000|  0%| F|  |TAMS 0x0000000706600000| PB 0x0000000706600000| Untracked 
|  45|0x0000000706800000, 0x0000000706800000, 0x0000000706a00000|  0%| F|  |TAMS 0x0000000706800000| PB 0x0000000706800000| Untracked 
|  46|0x0000000706a00000, 0x0000000706a00000, 0x0000000706c00000|  0%| F|  |TAMS 0x0000000706a00000| PB 0x0000000706a00000| Untracked 
|  47|0x0000000706c00000, 0x0000000706c00000, 0x0000000706e00000|  0%| F|  |TAMS 0x0000000706c00000| PB 0x0000000706c00000| Untracked 
|  48|0x0000000706e00000, 0x0000000706e00000, 0x0000000707000000|  0%| F|  |TAMS 0x0000000706e00000| PB 0x0000000706e00000| Untracked 
|  49|0x0000000707000000, 0x0000000707000000, 0x0000000707200000|  0%| F|  |TAMS 0x0000000707000000| PB 0x0000000707000000| Untracked 
|  50|0x0000000707200000, 0x0000000707272a98, 0x0000000707400000| 22%| S|CS|TAMS 0x0000000707200000| PB 0x0000000707200000| Complete 
|  51|0x0000000707400000, 0x0000000707600000, 0x0000000707600000|100%| S|CS|TAMS 0x0000000707400000| PB 0x0000000707400000| Complete 
|  52|0x0000000707600000, 0x0000000707800000, 0x0000000707800000|100%| S|CS|TAMS 0x0000000707600000| PB 0x0000000707600000| Complete 
|  53|0x0000000707800000, 0x0000000707a00000, 0x0000000707a00000|100%| S|CS|TAMS 0x0000000707800000| PB 0x0000000707800000| Complete 
|  54|0x0000000707a00000, 0x0000000707c00000, 0x0000000707c00000|100%| S|CS|TAMS 0x0000000707a00000| PB 0x0000000707a00000| Complete 
|  55|0x0000000707c00000, 0x0000000707e00000, 0x0000000707e00000|100%| S|CS|TAMS 0x0000000707c00000| PB 0x0000000707c00000| Complete 
|  56|0x0000000707e00000, 0x0000000708000000, 0x0000000708000000|100%| S|CS|TAMS 0x0000000707e00000| PB 0x0000000707e00000| Complete 
|  57|0x0000000708000000, 0x0000000708200000, 0x0000000708200000|100%| S|CS|TAMS 0x0000000708000000| PB 0x0000000708000000| Complete 
|  58|0x0000000708200000, 0x0000000708400000, 0x0000000708400000|100%| S|CS|TAMS 0x0000000708200000| PB 0x0000000708200000| Complete 
|  59|0x0000000708400000, 0x0000000708400000, 0x0000000708600000|  0%| F|  |TAMS 0x0000000708400000| PB 0x0000000708400000| Untracked 
|  60|0x0000000708600000, 0x0000000708600000, 0x0000000708800000|  0%| F|  |TAMS 0x0000000708600000| PB 0x0000000708600000| Untracked 
|  61|0x0000000708800000, 0x0000000708800000, 0x0000000708a00000|  0%| F|  |TAMS 0x0000000708800000| PB 0x0000000708800000| Untracked 
|  62|0x0000000708a00000, 0x0000000708a00000, 0x0000000708c00000|  0%| F|  |TAMS 0x0000000708a00000| PB 0x0000000708a00000| Untracked 
|  63|0x0000000708c00000, 0x0000000708c00000, 0x0000000708e00000|  0%| F|  |TAMS 0x0000000708c00000| PB 0x0000000708c00000| Untracked 
|  64|0x0000000708e00000, 0x0000000708e00000, 0x0000000709000000|  0%| F|  |TAMS 0x0000000708e00000| PB 0x0000000708e00000| Untracked 
|  65|0x0000000709000000, 0x0000000709000000, 0x0000000709200000|  0%| F|  |TAMS 0x0000000709000000| PB 0x0000000709000000| Untracked 
|  66|0x0000000709200000, 0x0000000709200000, 0x0000000709400000|  0%| F|  |TAMS 0x0000000709200000| PB 0x0000000709200000| Untracked 
|  67|0x0000000709400000, 0x0000000709400000, 0x0000000709600000|  0%| F|  |TAMS 0x0000000709400000| PB 0x0000000709400000| Untracked 
|  68|0x0000000709600000, 0x0000000709600000, 0x0000000709800000|  0%| F|  |TAMS 0x0000000709600000| PB 0x0000000709600000| Untracked 
|  69|0x0000000709800000, 0x0000000709800000, 0x0000000709a00000|  0%| F|  |TAMS 0x0000000709800000| PB 0x0000000709800000| Untracked 
|  70|0x0000000709a00000, 0x0000000709a00000, 0x0000000709c00000|  0%| F|  |TAMS 0x0000000709a00000| PB 0x0000000709a00000| Untracked 
|  71|0x0000000709c00000, 0x0000000709c00000, 0x0000000709e00000|  0%| F|  |TAMS 0x0000000709c00000| PB 0x0000000709c00000| Untracked 
|  72|0x0000000709e00000, 0x0000000709e00000, 0x000000070a000000|  0%| F|  |TAMS 0x0000000709e00000| PB 0x0000000709e00000| Untracked 
|  73|0x000000070a000000, 0x000000070a000000, 0x000000070a200000|  0%| F|  |TAMS 0x000000070a000000| PB 0x000000070a000000| Untracked 
|  74|0x000000070a200000, 0x000000070a200000, 0x000000070a400000|  0%| F|  |TAMS 0x000000070a200000| PB 0x000000070a200000| Untracked 
|  75|0x000000070a400000, 0x000000070a400000, 0x000000070a600000|  0%| F|  |TAMS 0x000000070a400000| PB 0x000000070a400000| Untracked 
|  76|0x000000070a600000, 0x000000070a600000, 0x000000070a800000|  0%| F|  |TAMS 0x000000070a600000| PB 0x000000070a600000| Untracked 
|  77|0x000000070a800000, 0x000000070a800000, 0x000000070aa00000|  0%| F|  |TAMS 0x000000070a800000| PB 0x000000070a800000| Untracked 
|  78|0x000000070aa00000, 0x000000070aa00000, 0x000000070ac00000|  0%| F|  |TAMS 0x000000070aa00000| PB 0x000000070aa00000| Untracked 
|  79|0x000000070ac00000, 0x000000070ac00000, 0x000000070ae00000|  0%| F|  |TAMS 0x000000070ac00000| PB 0x000000070ac00000| Untracked 
|  80|0x000000070ae00000, 0x000000070ae00000, 0x000000070b000000|  0%| F|  |TAMS 0x000000070ae00000| PB 0x000000070ae00000| Untracked 
|  81|0x000000070b000000, 0x000000070b000000, 0x000000070b200000|  0%| F|  |TAMS 0x000000070b000000| PB 0x000000070b000000| Untracked 
|  82|0x000000070b200000, 0x000000070b200000, 0x000000070b400000|  0%| F|  |TAMS 0x000000070b200000| PB 0x000000070b200000| Untracked 
|  83|0x000000070b400000, 0x000000070b400000, 0x000000070b600000|  0%| F|  |TAMS 0x000000070b400000| PB 0x000000070b400000| Untracked 
|  84|0x000000070b600000, 0x000000070b600000, 0x000000070b800000|  0%| F|  |TAMS 0x000000070b600000| PB 0x000000070b600000| Untracked 
|  85|0x000000070b800000, 0x000000070b800000, 0x000000070ba00000|  0%| F|  |TAMS 0x000000070b800000| PB 0x000000070b800000| Untracked 
|  86|0x000000070ba00000, 0x000000070ba00000, 0x000000070bc00000|  0%| F|  |TAMS 0x000000070ba00000| PB 0x000000070ba00000| Untracked 
|  87|0x000000070bc00000, 0x000000070bc00000, 0x000000070be00000|  0%| F|  |TAMS 0x000000070bc00000| PB 0x000000070bc00000| Untracked 
|  88|0x000000070be00000, 0x000000070be00000, 0x000000070c000000|  0%| F|  |TAMS 0x000000070be00000| PB 0x000000070be00000| Untracked 
|  89|0x000000070c000000, 0x000000070c000000, 0x000000070c200000|  0%| F|  |TAMS 0x000000070c000000| PB 0x000000070c000000| Untracked 
|  90|0x000000070c200000, 0x000000070c200000, 0x000000070c400000|  0%| F|  |TAMS 0x000000070c200000| PB 0x000000070c200000| Untracked 
|  91|0x000000070c400000, 0x000000070c400000, 0x000000070c600000|  0%| F|  |TAMS 0x000000070c400000| PB 0x000000070c400000| Untracked 
|  92|0x000000070c600000, 0x000000070c600000, 0x000000070c800000|  0%| F|  |TAMS 0x000000070c600000| PB 0x000000070c600000| Untracked 
|  93|0x000000070c800000, 0x000000070c800000, 0x000000070ca00000|  0%| F|  |TAMS 0x000000070c800000| PB 0x000000070c800000| Untracked 
|  94|0x000000070ca00000, 0x000000070ca00000, 0x000000070cc00000|  0%| F|  |TAMS 0x000000070ca00000| PB 0x000000070ca00000| Untracked 
|  95|0x000000070cc00000, 0x000000070cc00000, 0x000000070ce00000|  0%| F|  |TAMS 0x000000070cc00000| PB 0x000000070cc00000| Untracked 
|  96|0x000000070ce00000, 0x000000070ce00000, 0x000000070d000000|  0%| F|  |TAMS 0x000000070ce00000| PB 0x000000070ce00000| Untracked 
|  97|0x000000070d000000, 0x000000070d000000, 0x000000070d200000|  0%| F|  |TAMS 0x000000070d000000| PB 0x000000070d000000| Untracked 
|  98|0x000000070d200000, 0x000000070d200000, 0x000000070d400000|  0%| F|  |TAMS 0x000000070d200000| PB 0x000000070d200000| Untracked 
|  99|0x000000070d400000, 0x000000070d400000, 0x000000070d600000|  0%| F|  |TAMS 0x000000070d400000| PB 0x000000070d400000| Untracked 
| 100|0x000000070d600000, 0x000000070d600000, 0x000000070d800000|  0%| F|  |TAMS 0x000000070d600000| PB 0x000000070d600000| Untracked 
| 101|0x000000070d800000, 0x000000070d800000, 0x000000070da00000|  0%| F|  |TAMS 0x000000070d800000| PB 0x000000070d800000| Untracked 
| 102|0x000000070da00000, 0x000000070da00000, 0x000000070dc00000|  0%| F|  |TAMS 0x000000070da00000| PB 0x000000070da00000| Untracked 
| 103|0x000000070dc00000, 0x000000070dc00000, 0x000000070de00000|  0%| F|  |TAMS 0x000000070dc00000| PB 0x000000070dc00000| Untracked 
| 104|0x000000070de00000, 0x000000070de00000, 0x000000070e000000|  0%| F|  |TAMS 0x000000070de00000| PB 0x000000070de00000| Untracked 
| 105|0x000000070e000000, 0x000000070e000000, 0x000000070e200000|  0%| F|  |TAMS 0x000000070e000000| PB 0x000000070e000000| Untracked 
| 106|0x000000070e200000, 0x000000070e200000, 0x000000070e400000|  0%| F|  |TAMS 0x000000070e200000| PB 0x000000070e200000| Untracked 
| 107|0x000000070e400000, 0x000000070e400000, 0x000000070e600000|  0%| F|  |TAMS 0x000000070e400000| PB 0x000000070e400000| Untracked 
| 108|0x000000070e600000, 0x000000070e600000, 0x000000070e800000|  0%| F|  |TAMS 0x000000070e600000| PB 0x000000070e600000| Untracked 
| 109|0x000000070e800000, 0x000000070e800000, 0x000000070ea00000|  0%| F|  |TAMS 0x000000070e800000| PB 0x000000070e800000| Untracked 
| 110|0x000000070ea00000, 0x000000070ea00000, 0x000000070ec00000|  0%| F|  |TAMS 0x000000070ea00000| PB 0x000000070ea00000| Untracked 
| 111|0x000000070ec00000, 0x000000070ec00000, 0x000000070ee00000|  0%| F|  |TAMS 0x000000070ec00000| PB 0x000000070ec00000| Untracked 
| 112|0x000000070ee00000, 0x000000070ee00000, 0x000000070f000000|  0%| F|  |TAMS 0x000000070ee00000| PB 0x000000070ee00000| Untracked 
| 113|0x000000070f000000, 0x000000070f000000, 0x000000070f200000|  0%| F|  |TAMS 0x000000070f000000| PB 0x000000070f000000| Untracked 
| 114|0x000000070f200000, 0x000000070f200000, 0x000000070f400000|  0%| F|  |TAMS 0x000000070f200000| PB 0x000000070f200000| Untracked 
| 115|0x000000070f400000, 0x000000070f400000, 0x000000070f600000|  0%| F|  |TAMS 0x000000070f400000| PB 0x000000070f400000| Untracked 
| 116|0x000000070f600000, 0x000000070f600000, 0x000000070f800000|  0%| F|  |TAMS 0x000000070f600000| PB 0x000000070f600000| Untracked 
| 117|0x000000070f800000, 0x000000070f800000, 0x000000070fa00000|  0%| F|  |TAMS 0x000000070f800000| PB 0x000000070f800000| Untracked 
| 118|0x000000070fa00000, 0x000000070fa00000, 0x000000070fc00000|  0%| F|  |TAMS 0x000000070fa00000| PB 0x000000070fa00000| Untracked 
| 119|0x000000070fc00000, 0x000000070fc00000, 0x000000070fe00000|  0%| F|  |TAMS 0x000000070fc00000| PB 0x000000070fc00000| Untracked 
| 120|0x000000070fe00000, 0x000000070fe00000, 0x0000000710000000|  0%| F|  |TAMS 0x000000070fe00000| PB 0x000000070fe00000| Untracked 
| 121|0x0000000710000000, 0x0000000710000000, 0x0000000710200000|  0%| F|  |TAMS 0x0000000710000000| PB 0x0000000710000000| Untracked 
| 122|0x0000000710200000, 0x0000000710200000, 0x0000000710400000|  0%| F|  |TAMS 0x0000000710200000| PB 0x0000000710200000| Untracked 
| 123|0x0000000710400000, 0x0000000710400000, 0x0000000710600000|  0%| F|  |TAMS 0x0000000710400000| PB 0x0000000710400000| Untracked 
| 124|0x0000000710600000, 0x0000000710600000, 0x0000000710800000|  0%| F|  |TAMS 0x0000000710600000| PB 0x0000000710600000| Untracked 
| 125|0x0000000710800000, 0x0000000710800000, 0x0000000710a00000|  0%| F|  |TAMS 0x0000000710800000| PB 0x0000000710800000| Untracked 
| 126|0x0000000710a00000, 0x0000000710b00800, 0x0000000710c00000| 50%| E|  |TAMS 0x0000000710a00000| PB 0x0000000710a00000| Complete 
| 127|0x0000000710c00000, 0x0000000710e00000, 0x0000000710e00000|100%| E|CS|TAMS 0x0000000710c00000| PB 0x0000000710c00000| Complete 

Card table byte_map: [0x000001c9bed90000,0x000001c9bf590000] _byte_map_base: 0x000001c9bb589000

Marking Bits: (CMBitMap*) 0x000001c9a7075be0
 Bits: [0x000001c9bf590000, 0x000001c9c3558000)

Polling page: 0x000001c9a67e0000

Metaspace:

Usage:
  Non-class:     19.88 MB used.
      Class:      2.60 MB used.
       Both:     22.48 MB used.

Virtual space:
  Non-class space:       64.00 MB reserved,      20.06 MB ( 31%) committed,  1 nodes.
      Class space:        1.00 GB reserved,       2.75 MB ( <1%) committed,  1 nodes.
             Both:        1.06 GB reserved,      22.81 MB (  2%) committed. 

Chunk freelists:
   Non-Class:  11.75 MB
       Class:  13.23 MB
        Both:  24.98 MB

MaxMetaspaceSize: unlimited
CompressedClassSpaceSize: 1.00 GB
Initial GC threshold: 21.00 MB
Current GC threshold: 22.88 MB
CDS: on
 - commit_granule_bytes: 65536.
 - commit_granule_words: 8192.
 - virtual_space_node_default_size: 8388608.
 - enlarge_chunks_in_place: 1.
 - use_allocation_guard: 0.


Internal statistics:

num_allocs_failed_limit: 18.
num_arena_births: 226.
num_arena_deaths: 0.
num_vsnodes_births: 2.
num_vsnodes_deaths: 0.
num_space_committed: 365.
num_space_uncommitted: 0.
num_chunks_returned_to_freelist: 18.
num_chunks_taken_from_freelist: 1005.
num_chunk_merges: 9.
num_chunk_splits: 712.
num_chunks_enlarged: 568.
num_inconsistent_stats: 0.

CodeHeap 'non-profiled nmethods': size=120000Kb used=2406Kb max_used=2406Kb free=117593Kb
 bounds [0x000001c9b6f50000, 0x000001c9b71c0000, 0x000001c9be480000]
CodeHeap 'profiled nmethods': size=120000Kb used=10051Kb max_used=10051Kb free=109948Kb
 bounds [0x000001c9af480000, 0x000001c9afe60000, 0x000001c9b69b0000]
CodeHeap 'non-nmethods': size=5760Kb used=1436Kb max_used=1518Kb free=4323Kb
 bounds [0x000001c9b69b0000, 0x000001c9b6c20000, 0x000001c9b6f50000]
 total_blobs=5412 nmethods=4888 adapters=428
 compilation: enabled
              stopped_count=0, restarted_count=0
 full_count=0

Compilation events (20 events):
Event: 2.673 Thread 0x000001c9c5da0b90 nmethod 4812 0x000001c9afe2b890 code [0x000001c9afe2bd80, 0x000001c9afe2e538]
Event: 2.673 Thread 0x000001c9c5da0b90 4814   !   3       java.lang.ref.ReferenceQueue::enqueue (32 bytes)
Event: 2.673 Thread 0x000001c9c5da0b90 nmethod 4814 0x000001c9afe2f690 code [0x000001c9afe2f8e0, 0x000001c9afe30248]
Event: 2.673 Thread 0x000001c9c5da0b90 4816   !   3       java.lang.ref.NativeReferenceQueue::enqueue (20 bytes)
Event: 2.673 Thread 0x000001c9c5da0b90 nmethod 4816 0x000001c9afe30590 code [0x000001c9afe30740, 0x000001c9afe30978]
Event: 2.673 Thread 0x000001c9c5da0b90 4817       3       java.lang.ref.NativeReferenceQueue::signal (8 bytes)
Event: 2.674 Thread 0x000001c9c5da0b90 nmethod 4817 0x000001c9afe30a90 code [0x000001c9afe30c40, 0x000001c9afe30d88]
Event: 2.674 Thread 0x000001c9c5da0b90 4818       3       java.lang.ref.ReferenceQueue::signal (10 bytes)
Event: 2.674 Thread 0x000001c9c5da0b90 nmethod 4818 0x000001c9afe30e90 code [0x000001c9afe31080, 0x000001c9afe314a0]
Event: 2.674 Thread 0x000001c9c5da0b90 4819       3       java.util.concurrent.locks.AbstractQueuedSynchronizer$ConditionObject::signalAll (34 bytes)
Event: 2.674 Thread 0x000001c9c5da0b90 nmethod 4819 0x000001c9afe31610 code [0x000001c9afe317e0, 0x000001c9afe31b40]
Event: 2.674 Thread 0x000001c9c5da0b90 4813       3       jdk.internal.loader.BuiltinClassLoader$LoadedModule::codeSourceURL (32 bytes)
Event: 2.674 Thread 0x000001c9c5da0b90 nmethod 4813 0x000001c9afe31c90 code [0x000001c9afe31e60, 0x000001c9afe32198]
Event: 2.674 Thread 0x000001c9c5da26d0 nmethod 4791 0x000001c9b719da10 code [0x000001c9b719dce0, 0x000001c9b719fba0]
Event: 2.675 Thread 0x000001c9c5da0b90 4820       3       java.nio.charset.CharsetDecoder::implReplaceWith (1 bytes)
Event: 2.675 Thread 0x000001c9c5da0b90 nmethod 4820 0x000001c9afe32310 code [0x000001c9afe324a0, 0x000001c9afe325a8]
Event: 2.676 Thread 0x000001c9c5da0b90 4821       3       jdk.internal.org.objectweb.asm.SymbolTable::putBootstrapMethods (56 bytes)
Event: 2.676 Thread 0x000001c9c5da0b90 nmethod 4821 0x000001c9afe32610 code [0x000001c9afe32820, 0x000001c9afe32b50]
Event: 2.677 Thread 0x000001c9c5da0b90 4822       3       java.lang.invoke.MethodHandles$Lookup::checkMethodName (45 bytes)
Event: 2.677 Thread 0x000001c9c5da0b90 nmethod 4822 0x000001c9afe32d10 code [0x000001c9afe32f60, 0x000001c9afe33620]

GC Heap History (6 events):
Event: 0.474 GC heap before
{Heap before GC invocations=0 (full 0):
 garbage-first heap   total 262144K, used 20480K [0x0000000700e00000, 0x0000000800000000)
  region size 2048K, 10 young (20480K), 0 survivors (0K)
 Metaspace       used 5903K, committed 6016K, reserved 1114112K
  class space    used 664K, committed 704K, reserved 1048576K
}
Event: 0.477 GC heap after
{Heap after GC invocations=1 (full 0):
 garbage-first heap   total 262144K, used 4096K [0x0000000700e00000, 0x0000000800000000)
  region size 2048K, 2 young (4096K), 2 survivors (4096K)
 Metaspace       used 5903K, committed 6016K, reserved 1114112K
  class space    used 664K, committed 704K, reserved 1048576K
}
Event: 0.829 GC heap before
{Heap before GC invocations=1 (full 0):
 garbage-first heap   total 262144K, used 32768K [0x0000000700e00000, 0x0000000800000000)
  region size 2048K, 16 young (32768K), 2 survivors (4096K)
 Metaspace       used 8874K, committed 9088K, reserved 1114112K
  class space    used 1021K, committed 1088K, reserved 1048576K
}
Event: 0.831 GC heap after
{Heap after GC invocations=2 (full 0):
 garbage-first heap   total 262144K, used 5293K [0x0000000700e00000, 0x0000000800000000)
  region size 2048K, 1 young (2048K), 1 survivors (2048K)
 Metaspace       used 8874K, committed 9088K, reserved 1114112K
  class space    used 1021K, committed 1088K, reserved 1048576K
}
Event: 2.662 GC heap before
{Heap before GC invocations=2 (full 0):
 garbage-first heap   total 262144K, used 148653K [0x0000000700e00000, 0x0000000800000000)
  region size 2048K, 69 young (141312K), 1 survivors (2048K)
 Metaspace       used 21237K, committed 21504K, reserved 1114112K
  class space    used 2391K, committed 2496K, reserved 1048576K
}
Event: 2.672 GC heap after
{Heap after GC invocations=3 (full 0):
 garbage-first heap   total 262144K, used 28854K [0x0000000700e00000, 0x0000000800000000)
  region size 2048K, 9 young (18432K), 9 survivors (18432K)
 Metaspace       used 21237K, committed 21504K, reserved 1114112K
  class space    used 2391K, committed 2496K, reserved 1048576K
}

Dll operation events (12 events):
Event: 0.006 Loaded shared library C:\Program Files\Java\jdk-21\bin\java.dll
Event: 0.033 Loaded shared library C:\Program Files\Java\jdk-21\bin\jsvml.dll
Event: 0.063 Loaded shared library C:\Program Files\Java\jdk-21\bin\zip.dll
Event: 0.065 Loaded shared library C:\Program Files\Java\jdk-21\bin\instrument.dll
Event: 0.068 Loaded shared library C:\Program Files\Java\jdk-21\bin\net.dll
Event: 0.069 Loaded shared library C:\Program Files\Java\jdk-21\bin\nio.dll
Event: 0.071 Loaded shared library C:\Program Files\Java\jdk-21\bin\zip.dll
Event: 0.081 Loaded shared library D:\Program Files\JetBrains\IntelliJ IDEA Community Edition 2022.3.2\bin\breakgen64.dll
Event: 0.089 Loaded shared library C:\Program Files\Java\jdk-21\bin\extnet.dll
Event: 0.165 Loaded shared library C:\Program Files\Java\jdk-21\bin\jimage.dll
Event: 0.175 Loaded shared library C:\Users\user\AppData\Local\Temp\jansi-2.4.1-fc7ac124a1757f8-jansi.dll
Event: 0.184 Loaded shared library C:\Program Files\Java\jdk-21\bin\verify.dll

Deoptimization events (20 events):
Event: 2.619 Thread 0x000001c9a700dca0 Uncommon trap: trap_request=0xffffff45 fr.pc=0x000001c9b7194e70 relative=0x0000000000000250
Event: 2.619 Thread 0x000001c9a700dca0 Uncommon trap: reason=unstable_if action=reinterpret pc=0x000001c9b7194e70 method=jdk.nio.zipfs.ZipFileSystem$IndexNode.normalize([B)[B @ 66 c2
Event: 2.619 Thread 0x000001c9a700dca0 DEOPT PACKING pc=0x000001c9b7194e70 sp=0x0000008814ffc780
Event: 2.619 Thread 0x000001c9a700dca0 DEOPT UNPACKING pc=0x000001c9b6a046a2 sp=0x0000008814ffc6e8 mode 2
Event: 2.626 Thread 0x000001c9a700dca0 Uncommon trap: trap_request=0xffffff45 fr.pc=0x000001c9b7195df0 relative=0x0000000000000230
Event: 2.626 Thread 0x000001c9a700dca0 Uncommon trap: reason=unstable_if action=reinterpret pc=0x000001c9b7195df0 method=java.util.Arrays.hashCode([B)I @ 8 c2
Event: 2.626 Thread 0x000001c9a700dca0 DEOPT PACKING pc=0x000001c9b7195df0 sp=0x0000008814ffc7a0
Event: 2.626 Thread 0x000001c9a700dca0 DEOPT UNPACKING pc=0x000001c9b6a046a2 sp=0x0000008814ffc738 mode 2
Event: 2.635 Thread 0x000001c9a700dca0 Uncommon trap: trap_request=0xffffff45 fr.pc=0x000001c9b717a538 relative=0x0000000000000f78
Event: 2.636 Thread 0x000001c9a700dca0 Uncommon trap: reason=unstable_if action=reinterpret pc=0x000001c9b717a538 method=java.lang.String.<init>(Ljava/nio/charset/Charset;[BII)V @ 34 c2
Event: 2.636 Thread 0x000001c9a700dca0 DEOPT PACKING pc=0x000001c9b717a538 sp=0x0000008814ffca00
Event: 2.636 Thread 0x000001c9a700dca0 DEOPT UNPACKING pc=0x000001c9b6a046a2 sp=0x0000008814ffc9b8 mode 2
Event: 2.641 Thread 0x000001c9a700dca0 Uncommon trap: trap_request=0xffffff45 fr.pc=0x000001c9b71961a0 relative=0x0000000000000100
Event: 2.641 Thread 0x000001c9a700dca0 Uncommon trap: reason=unstable_if action=reinterpret pc=0x000001c9b71961a0 method=jdk.nio.zipfs.ZipConstants.pkSigAt([BIII)Z @ 5 c2
Event: 2.641 Thread 0x000001c9a700dca0 DEOPT PACKING pc=0x000001c9b71961a0 sp=0x0000008814ffd780
Event: 2.641 Thread 0x000001c9a700dca0 DEOPT UNPACKING pc=0x000001c9b6a046a2 sp=0x0000008814ffd728 mode 2
Event: 2.653 Thread 0x000001c9a700dca0 Uncommon trap: trap_request=0xffffff76 fr.pc=0x000001c9b71992a8 relative=0x0000000000000208
Event: 2.653 Thread 0x000001c9a700dca0 Uncommon trap: reason=predicate action=maybe_recompile pc=0x000001c9b71992a8 method=java.util.LinkedHashMap.valuesToArray([Ljava/lang/Object;Z)[Ljava/lang/Object; @ 53 c2
Event: 2.653 Thread 0x000001c9a700dca0 DEOPT PACKING pc=0x000001c9b71992a8 sp=0x0000008814ffd800
Event: 2.653 Thread 0x000001c9a700dca0 DEOPT UNPACKING pc=0x000001c9b6a046a2 sp=0x0000008814ffd7b0 mode 2

Classes loaded (20 events):
Event: 2.674 Loading class jdk/internal/jrtfs/SystemImage
Event: 2.674 Loading class jdk/internal/jrtfs/SystemImage done
Event: 2.675 Loading class java/security/AllPermissionCollection
Event: 2.675 Loading class java/security/AllPermissionCollection done
Event: 2.675 Loading class jdk/internal/jrtfs/SystemImage$2
Event: 2.675 Loading class jdk/internal/jrtfs/SystemImage$2 done
Event: 2.675 Loading class jdk/internal/jimage/ImageReader$Directory
Event: 2.675 Loading class jdk/internal/jimage/ImageReader$Node
Event: 2.675 Loading class jdk/internal/jimage/ImageReader$Node done
Event: 2.675 Loading class jdk/internal/jimage/ImageReader$Directory done
Event: 2.675 Loading class jdk/internal/jrtfs/SystemImage$1
Event: 2.675 Loading class jdk/internal/jrtfs/SystemImage$1 done
Event: 2.676 Loading class java/io/BufferedReader$1
Event: 2.676 Loading class java/io/BufferedReader$1 done
Event: 2.677 Loading class jdk/internal/jimage/ImageReader$SharedImageReader$LocationVisitor
Event: 2.677 Loading class jdk/internal/jimage/ImageReader$SharedImageReader$LocationVisitor done
Event: 2.677 Loading class java/nio/ByteBufferAsIntBufferL
Event: 2.677 Loading class java/nio/ByteBufferAsIntBufferL done
Event: 2.678 Loading class jdk/internal/jimage/ImageReader$Resource
Event: 2.678 Loading class jdk/internal/jimage/ImageReader$Resource done

Classes unloaded (0 events):
No events

Classes redefined (0 events):
No events

Internal exceptions (20 events):
Event: 1.384 Thread 0x000001c9a700dca0 Implicit null exception at 0x000001c9b6f936a0 to 0x000001c9b6f93d20
Event: 1.415 Thread 0x000001c9a700dca0 Exception <a 'java/lang/NoSuchMethodError'{0x000000070eb86538}: 'void java.lang.invoke.DirectMethodHandle$Holder.invokeSpecial(java.lang.Object, java.lang.Object, java.lang.Object, java.lang.Object, java.lang.Object)'> (0x000000070eb86538) 
thrown [s\open\src\hotspot\share\interpreter\linkResolver.cpp, line 773]
Event: 1.418 Thread 0x000001c9a700dca0 Exception <a 'java/lang/NoSuchMethodError'{0x000000070eba04b8}: 'java.lang.Object java.lang.invoke.DirectMethodHandle$Holder.invokeVirtual(java.lang.Object, java.lang.Object, java.lang.Object)'> (0x000000070eba04b8) 
thrown [s\open\src\hotspot\share\interpreter\linkResolver.cpp, line 773]
Event: 1.419 Thread 0x000001c9a700dca0 Exception <a 'java/lang/NoSuchMethodError'{0x000000070ebb1918}: 'void java.lang.invoke.DirectMethodHandle$Holder.invokeSpecial(java.lang.Object, java.lang.Object, java.lang.Object, java.lang.Object, java.lang.Object, java.lang.Object)'> (0x000000070ebb1918) 
thrown [s\open\src\hotspot\share\interpreter\linkResolver.cpp, line 773]
Event: 1.457 Thread 0x000001c9a700dca0 Exception <a 'java/lang/NoSuchMethodError'{0x000000070e9f8048}: 'void java.lang.invoke.DirectMethodHandle$Holder.invokeVirtual(java.lang.Object, java.lang.Object, int)'> (0x000000070e9f8048) 
thrown [s\open\src\hotspot\share\interpreter\linkResolver.cpp, line 773]
Event: 1.457 Thread 0x000001c9a700dca0 Exception <a 'java/lang/NoSuchMethodError'{0x000000070e9ff018}: 'void java.lang.invoke.DelegatingMethodHandle$Holder.reinvoke_L(java.lang.Object, java.lang.Object, int)'> (0x000000070e9ff018) 
thrown [s\open\src\hotspot\share\interpreter\linkResolver.cpp, line 773]
Event: 2.083 Thread 0x000001c9a700dca0 Implicit null exception at 0x000001c9b7133ea0 to 0x000001c9b7134098
Event: 2.083 Thread 0x000001c9a700dca0 Implicit null exception at 0x000001c9b6fefe40 to 0x000001c9b6fefec5
Event: 2.150 Thread 0x000001c9a700dca0 Exception <a 'java/lang/NoSuchMethodError'{0x000000070ac573a8}: 'java.lang.Object java.lang.invoke.DirectMethodHandle$Holder.newInvokeSpecial(java.lang.Object, java.lang.Object, java.lang.Object, java.lang.Object, java.lang.Object, java.lang.Object, java.lang.Object)'> (0x000000070ac573a8) 
thrown [s\open\src\hotspot\share\interpreter\linkResolver.cpp, line 773]
Event: 2.268 Thread 0x000001c9a700dca0 Exception <a 'java/lang/NoSuchMethodError'{0x000000070a207da0}: 'int java.lang.invoke.DirectMethodHandle$Holder.invokeVirtual(java.lang.Object, java.lang.Object)'> (0x000000070a207da0) 
thrown [s\open\src\hotspot\share\interpreter\linkResolver.cpp, line 773]
Event: 2.283 Thread 0x000001c9a700dca0 Exception <a 'java/lang/NoSuchMethodError'{0x000000070a2e3430}: 'void java.lang.invoke.Invokers$Holder.invokeExact_MT(java.lang.Object, java.lang.Object, int, java.lang.Object)'> (0x000000070a2e3430) 
thrown [s\open\src\hotspot\share\interpreter\linkResolver.cpp, line 773]
Event: 2.313 Thread 0x000001c9a700dca0 Exception <a 'sun/nio/fs/WindowsException'{0x000000070a0d6de0}> (0x000000070a0d6de0) 
thrown [s\open\src\hotspot\share\prims\jni.cpp, line 520]
Event: 2.314 Thread 0x000001c9a700dca0 Exception <a 'sun/nio/fs/WindowsException'{0x000000070a0d8230}> (0x000000070a0d8230) 
thrown [s\open\src\hotspot\share\prims\jni.cpp, line 520]
Event: 2.315 Thread 0x000001c9a700dca0 Exception <a 'sun/nio/fs/WindowsException'{0x000000070a0d9560}> (0x000000070a0d9560) 
thrown [s\open\src\hotspot\share\prims\jni.cpp, line 520]
Event: 2.484 Thread 0x000001c9a700dca0 Exception <a 'sun/nio/fs/WindowsException'{0x00000007095066e8}> (0x00000007095066e8) 
thrown [s\open\src\hotspot\share\prims\jni.cpp, line 520]
Event: 2.489 Thread 0x000001c9a700dca0 Exception <a 'java/lang/IncompatibleClassChangeError'{0x000000070953a3c8}: Found class java.lang.Object, but interface was expected> (0x000000070953a3c8) 
thrown [s\open\src\hotspot\share\interpreter\linkResolver.cpp, line 840]
Event: 2.490 Thread 0x000001c9a700dca0 Exception <a 'java/lang/NoSuchMethodError'{0x000000070953f480}: 'void java.lang.invoke.DirectMethodHandle$Holder.invokeInterface(java.lang.Object, java.lang.Object, java.lang.Object)'> (0x000000070953f480) 
thrown [s\open\src\hotspot\share\interpreter\linkResolver.cpp, line 773]
Event: 2.545 Thread 0x000001c9a700dca0 Exception <a 'java/lang/NoSuchMethodError'{0x0000000709289408}: 'int java.lang.invoke.DirectMethodHandle$Holder.invokeInterface(java.lang.Object, java.lang.Object)'> (0x0000000709289408) 
thrown [s\open\src\hotspot\share\interpreter\linkResolver.cpp, line 773]
Event: 2.594 Thread 0x000001c9a700dca0 Exception <a 'java/lang/NoSuchMethodError'{0x0000000708f478d8}: 'int java.lang.invoke.DirectMethodHandle$Holder.invokeVirtual(java.lang.Object, java.lang.Object, java.lang.Object)'> (0x0000000708f478d8) 
thrown [s\open\src\hotspot\share\interpreter\linkResolver.cpp, line 773]
Event: 2.596 Thread 0x000001c9a700dca0 Exception <a 'java/lang/NoSuchMethodError'{0x0000000708f545c0}: 'int java.lang.invoke.DirectMethodHandle$Holder.invokeStaticInit(java.lang.Object, java.lang.Object, java.lang.Object)'> (0x0000000708f545c0) 
thrown [s\open\src\hotspot\share\interpreter\linkResolver.cpp, line 773]

ZGC Phase Switch (0 events):
No events

VM Operations (20 events):
Event: 2.287 Executing VM operation: ICBufferFull
Event: 2.287 Executing VM operation: ICBufferFull done
Event: 2.511 Executing VM operation: HandshakeAllThreads (Deoptimize)
Event: 2.511 Executing VM operation: HandshakeAllThreads (Deoptimize) done
Event: 2.544 Executing VM operation: HandshakeAllThreads (Deoptimize)
Event: 2.544 Executing VM operation: HandshakeAllThreads (Deoptimize) done
Event: 2.598 Executing VM operation: HandshakeAllThreads (Deoptimize)
Event: 2.598 Executing VM operation: HandshakeAllThreads (Deoptimize) done
Event: 2.600 Executing VM operation: HandshakeAllThreads (Deoptimize)
Event: 2.600 Executing VM operation: HandshakeAllThreads (Deoptimize) done
Event: 2.605 Executing VM operation: HandshakeAllThreads (Deoptimize)
Event: 2.605 Executing VM operation: HandshakeAllThreads (Deoptimize) done
Event: 2.605 Executing VM operation: HandshakeAllThreads (Deoptimize)
Event: 2.605 Executing VM operation: HandshakeAllThreads (Deoptimize) done
Event: 2.662 Executing VM operation: CollectForMetadataAllocation (Metadata GC Threshold)
Event: 2.672 Executing VM operation: CollectForMetadataAllocation (Metadata GC Threshold) done
Event: 2.677 Executing VM operation: HandshakeAllThreads (Deoptimize)
Event: 2.677 Executing VM operation: HandshakeAllThreads (Deoptimize) done
Event: 2.678 Executing VM operation: HandshakeAllThreads (Deoptimize)
Event: 2.678 Executing VM operation: HandshakeAllThreads (Deoptimize) done

Events (16 events):
Event: 0.019 Thread 0x000001c9a700dca0 Thread added: 0x000001c9a700dca0
Event: 0.031 Thread 0x000001c9c5d6b340 Thread added: 0x000001c9c5d6b340
Event: 0.032 Thread 0x000001c9c5d6c060 Thread added: 0x000001c9c5d6c060
Event: 0.032 Thread 0x000001c9c5d6dc30 Thread added: 0x000001c9c5d6dc30
Event: 0.032 Thread 0x000001c9c5d6e690 Thread added: 0x000001c9c5d6e690
Event: 0.032 Thread 0x000001c9c5d6f0f0 Thread added: 0x000001c9c5d6f0f0
Event: 0.032 Thread 0x000001c9c5d6fdd0 Thread added: 0x000001c9c5d6fdd0
Event: 0.032 Thread 0x000001c9c5d7d340 Thread added: 0x000001c9c5d7d340
Event: 0.032 Thread 0x000001c9c5da0b90 Thread added: 0x000001c9c5da0b90
Event: 0.048 Thread 0x000001ca0b0a3770 Thread added: 0x000001ca0b0a3770
Event: 0.082 Thread 0x000001ca0b1c8a40 Thread added: 0x000001ca0b1c8a40
Event: 0.082 Thread 0x000001ca0b1c90b0 Thread added: 0x000001ca0b1c90b0
Event: 0.164 Thread 0x000001ca0b3fc750 Thread added: 0x000001ca0b3fc750
Event: 0.172 Thread 0x000001ca0b3fc750 Thread exited: 0x000001ca0b3fc750
Event: 0.288 Thread 0x000001c9c5da26d0 Thread added: 0x000001c9c5da26d0
Event: 1.344 Thread 0x000001ca0c615dc0 Thread added: 0x000001ca0c615dc0


Dynamic libraries:
0x00007ff6c5750000 - 0x00007ff6c5760000 	C:\Program Files\Java\jdk-21\bin\java.exe
0x00007ff805b30000 - 0x00007ff805d28000 	C:\WINDOWS\SYSTEM32\ntdll.dll
0x00007ff8058e0000 - 0x00007ff8059a2000 	C:\WINDOWS\System32\KERNEL32.DLL
0x00007ff8031d0000 - 0x00007ff8034c6000 	C:\WINDOWS\System32\KERNELBASE.dll
0x00007ff803910000 - 0x00007ff803a10000 	C:\WINDOWS\System32\ucrtbase.dll
0x00007fffdb3a0000 - 0x00007fffdb3bb000 	C:\Program Files\Java\jdk-21\bin\VCRUNTIME140.dll
0x00007fffdb320000 - 0x00007fffdb339000 	C:\Program Files\Java\jdk-21\bin\jli.dll
0x00007ff804aa0000 - 0x00007ff804b4f000 	C:\WINDOWS\System32\ADVAPI32.dll
0x00007ff805390000 - 0x00007ff80542e000 	C:\WINDOWS\System32\msvcrt.dll
0x00007ff805130000 - 0x00007ff8051cf000 	C:\WINDOWS\System32\sechost.dll
0x00007ff804b50000 - 0x00007ff804c73000 	C:\WINDOWS\System32\RPCRT4.dll
0x00007ff803a10000 - 0x00007ff803a37000 	C:\WINDOWS\System32\bcrypt.dll
0x00007ff805430000 - 0x00007ff8055cd000 	C:\WINDOWS\System32\USER32.dll
0x00007ff802570000 - 0x00007ff80280a000 	C:\WINDOWS\WinSxS\amd64_microsoft.windows.common-controls_6595b64144ccf1df_6.0.19041.5794_none_60bcd33171f2783c\COMCTL32.dll
0x00007ff803810000 - 0x00007ff803832000 	C:\WINDOWS\System32\win32u.dll
0x00007ff805770000 - 0x00007ff80579b000 	C:\WINDOWS\System32\GDI32.dll
0x00007ff803a40000 - 0x00007ff803b5a000 	C:\WINDOWS\System32\gdi32full.dll
0x00007ff803770000 - 0x00007ff80380d000 	C:\WINDOWS\System32\msvcp_win.dll
0x00007ffffb3d0000 - 0x00007ffffb3da000 	C:\WINDOWS\SYSTEM32\VERSION.dll
0x00007ff8047b0000 - 0x00007ff8047df000 	C:\WINDOWS\System32\IMM32.DLL
0x00007fffe9970000 - 0x00007fffe997c000 	C:\Program Files\Java\jdk-21\bin\vcruntime140_1.dll
0x00007fffda080000 - 0x00007fffda10e000 	C:\Program Files\Java\jdk-21\bin\msvcp140.dll
0x00007fffc2210000 - 0x00007fffc2f27000 	C:\Program Files\Java\jdk-21\bin\server\jvm.dll
0x00007ff8055d0000 - 0x00007ff80563b000 	C:\WINDOWS\System32\WS2_32.dll
0x00007ff802bb0000 - 0x00007ff802bfb000 	C:\WINDOWS\SYSTEM32\POWRPROF.dll
0x00007ffff7b80000 - 0x00007ffff7ba7000 	C:\WINDOWS\SYSTEM32\WINMM.dll
0x00007ff802900000 - 0x00007ff802912000 	C:\WINDOWS\SYSTEM32\UMPDC.dll
0x00007ff800990000 - 0x00007ff8009a2000 	C:\WINDOWS\SYSTEM32\kernel.appcore.dll
0x00007fffe94d0000 - 0x00007fffe94da000 	C:\Program Files\Java\jdk-21\bin\jimage.dll
0x00007ff802c00000 - 0x00007ff802e01000 	C:\WINDOWS\SYSTEM32\DBGHELP.DLL
0x00007ff802940000 - 0x00007ff802974000 	C:\WINDOWS\SYSTEM32\dbgcore.DLL
0x00007ff803630000 - 0x00007ff8036b2000 	C:\WINDOWS\System32\bcryptPrimitives.dll
0x00007fffe8ce0000 - 0x00007fffe8cef000 	C:\Program Files\Java\jdk-21\bin\instrument.dll
0x00007fffdab60000 - 0x00007fffdab7f000 	C:\Program Files\Java\jdk-21\bin\java.dll
0x00007ff803b60000 - 0x00007ff8042ce000 	C:\WINDOWS\System32\SHELL32.dll
0x00007ff800b90000 - 0x00007ff801333000 	C:\WINDOWS\SYSTEM32\windows.storage.dll
0x00007ff804dc0000 - 0x00007ff805113000 	C:\WINDOWS\System32\combase.dll
0x00007ff802420000 - 0x00007ff80244b000 	C:\WINDOWS\SYSTEM32\Wldp.dll
0x00007ff8052c0000 - 0x00007ff80538d000 	C:\WINDOWS\System32\OLEAUT32.dll
0x00007ff804d00000 - 0x00007ff804dad000 	C:\WINDOWS\System32\SHCORE.dll
0x00007ff805260000 - 0x00007ff8052b5000 	C:\WINDOWS\System32\shlwapi.dll
0x00007ff803100000 - 0x00007ff803125000 	C:\WINDOWS\SYSTEM32\profapi.dll
0x00007fffd8550000 - 0x00007fffd8627000 	C:\Program Files\Java\jdk-21\bin\jsvml.dll
0x00007fffdaac0000 - 0x00007fffdaad8000 	C:\Program Files\Java\jdk-21\bin\zip.dll
0x00007fffe5350000 - 0x00007fffe5360000 	C:\Program Files\Java\jdk-21\bin\net.dll
0x00007ffffc600000 - 0x00007ffffc70a000 	C:\WINDOWS\SYSTEM32\WINHTTP.dll
0x00007ff802170000 - 0x00007ff8021dc000 	C:\WINDOWS\system32\mswsock.dll
0x00007fffda990000 - 0x00007fffda9a6000 	C:\Program Files\Java\jdk-21\bin\nio.dll
0x00007fffda970000 - 0x00007fffda98a000 	D:\Program Files\JetBrains\IntelliJ IDEA Community Edition 2022.3.2\bin\breakgen64.dll
0x00007fffe0000000 - 0x00007fffe0009000 	C:\Program Files\Java\jdk-21\bin\extnet.dll
0x00007fffda7a0000 - 0x00007fffda7c4000 	C:\Users\user\AppData\Local\Temp\jansi-2.4.1-fc7ac124a1757f8-jansi.dll
0x00007fffde320000 - 0x00007fffde330000 	C:\Program Files\Java\jdk-21\bin\verify.dll
0x00007ff802f00000 - 0x00007ff802f33000 	C:\WINDOWS\SYSTEM32\ntmarta.dll

dbghelp: loaded successfully - version: 4.0.5 - missing functions: none
symbol engine: initialized successfully - sym options: 0x614 - pdb path: .;C:\Program Files\Java\jdk-21\bin;C:\WINDOWS\SYSTEM32;C:\WINDOWS\WinSxS\amd64_microsoft.windows.common-controls_6595b64144ccf1df_6.0.19041.5794_none_60bcd33171f2783c;C:\Program Files\Java\jdk-21\bin\server;D:\Program Files\JetBrains\IntelliJ IDEA Community Edition 2022.3.2\bin;C:\Users\user\AppData\Local\Temp

VM Arguments:
jvm_args: -Dmaven.multiModuleProjectDirectory=D:\Project\Java\Java21\microservices\commons -Djansi.passthrough=true -Dmaven.home=C:\Users\user\.m2\wrapper\dists\apache-maven-3.9.7-bin\3k9n615lchs6mp84v355m633uo\apache-maven-3.9.7 -Dclassworlds.conf=C:\Users\user\.m2\wrapper\dists\apache-maven-3.9.7-bin\3k9n615lchs6mp84v355m633uo\apache-maven-3.9.7\bin\m2.conf -Dmaven.ext.class.path=D:\Program Files\JetBrains\IntelliJ IDEA Community Edition 2022.3.2\plugins\maven\lib\maven-event-listener.jar -javaagent:D:\Program Files\JetBrains\IntelliJ IDEA Community Edition 2022.3.2\lib\idea_rt.jar=63784:D:\Program Files\JetBrains\IntelliJ IDEA Community Edition 2022.3.2\bin -Dfile.encoding=UTF-8 -Dsun.stdout.encoding=UTF-8 -Dsun.stderr.encoding=UTF-8 
java_command: org.codehaus.classworlds.Launcher -Didea.version=2022.3.2 install
java_class_path (initial): C:\Users\user\.m2\wrapper\dists\apache-maven-3.9.7-bin\3k9n615lchs6mp84v355m633uo\apache-maven-3.9.7\boot\plexus-classworlds-2.8.0.jar;C:\Users\user\.m2\wrapper\dists\apache-maven-3.9.7-bin\3k9n615lchs6mp84v355m633uo\apache-maven-3.9.7\boot\plexus-classworlds.license
Launcher Type: SUN_STANDARD

[Global flags]
     intx CICompilerCount                          = 3                                         {product} {ergonomic}
     uint ConcGCThreads                            = 2                                         {product} {ergonomic}
     uint G1ConcRefinementThreads                  = 6                                         {product} {ergonomic}
   size_t G1HeapRegionSize                         = 2097152                                   {product} {ergonomic}
    uintx GCDrainStackTargetSize                   = 64                                        {product} {ergonomic}
   size_t InitialHeapSize                          = 268435456                                 {product} {ergonomic}
   size_t MarkStackSize                            = 4194304                                   {product} {ergonomic}
   size_t MaxHeapSize                              = 4280287232                                {product} {ergonomic}
   size_t MaxNewSize                               = 2566914048                                {product} {ergonomic}
   size_t MinHeapDeltaBytes                        = 2097152                                   {product} {ergonomic}
   size_t MinHeapSize                              = 8388608                                   {product} {ergonomic}
    uintx NonNMethodCodeHeapSize                   = 5832780                                {pd product} {ergonomic}
    uintx NonProfiledCodeHeapSize                  = 122912730                              {pd product} {ergonomic}
    uintx ProfiledCodeHeapSize                     = 122912730                              {pd product} {ergonomic}
    uintx ReservedCodeCacheSize                    = 251658240                              {pd product} {ergonomic}
     bool SegmentedCodeCache                       = true                                      {product} {ergonomic}
   size_t SoftMaxHeapSize                          = 4280287232                             {manageable} {ergonomic}
     bool UseCompressedOops                        = true                           {product lp64_product} {ergonomic}
     bool UseG1GC                                  = true                                      {product} {ergonomic}
     bool UseLargePagesIndividualAllocation        = false                                  {pd product} {ergonomic}

Logging:
Log output configuration:
 #0: stdout all=warning uptime,level,tags foldmultilines=false
 #1: stderr all=off uptime,level,tags foldmultilines=false

Environment Variables:
JAVA_HOME=C:\Program Files\Java\jdk-21
PATH=C:\Program Files\Common Files\Oracle\Java\javapath;C:\Program Files (x86)\Common Files\Oracle\Java\javapath;C:\Program Files (x86)\Common Files\Intel\Shared Files\cpp\bin\Intel64;C:\WINDOWS\system32;C:\WINDOWS;C:\WINDOWS\System32\Wbem;C:\WINDOWS\System32\WindowsPowerShell\v1.0\;C:\WINDOWS\System32\OpenSSH\;C:\Program Files (x86)\Intel\Intel(R) Management Engine Components\DAL;C:\Program Files\Intel\Intel(R) Management Engine Components\DAL;C:\Program Files\Git\cmd;C:\apache-maven-3.6.3\bin;D:\Project\Cassandra\apache-cassandra-3.11.9\bin;D:\Program Files\MongoDB\Server\4.4\bin\;C:\Program Files\OpenSSL-Win64\bin;C:\Gradle\gradle-7.4.2\bin;D:\Program Files\PuTTY\;C:\ProgramData\chocolatey\bin;C:\Program Files\Java\jdk-21\bin;D:\Project\Redis\Redis-x64-3.0.504;C:\Ruby31-x64\bin;C:\Program Files\WireGuard\;C:\Users\user\AppData\Local\Programs\Python\Python310\Scripts\;C:\Program Files\Docker\Docker\resources\bin;;C:\Program Files\Go\bin;C:\Users\user\AppData\Local\Programs\Python\Python310\Scripts\;C:\Users\user\AppData\Local\Programs\Python\Python310\;C:\Ruby30-x64\bin;C:\Ruby31-x64\bin;C:\Program Files\MySQL\MySQL Shell 8.0\bin\;C:\Users\user\AppData\Local\Microsoft\WindowsApps;;C:\Users\user\AppData\Local\Microsoft\WinGet\Packages\Schniz.fnm_Microsoft.Winget.Source_8wekyb3d8bbwe;C:\Users\user\go\bin;C:\Users\user\AppData\Local\Programs\Microsoft VS Code\bin
USERNAME=user
OS=Windows_NT
PROCESSOR_IDENTIFIER=Intel64 Family 6 Model 158 Stepping 10, GenuineIntel
TMP=C:\Users\user\AppData\Local\Temp
TEMP=C:\Users\user\AppData\Local\Temp




Periodic native trim disabled

---------------  S Y S T E M  ---------------

OS:
 Windows 10 , 64 bit Build 19041 (10.0.19041.5794)
OS uptime: 2 days 5:31 hours
Hyper-V role detected

CPU: total 6 (initial active 6) (6 cores per cpu, 1 threads per core) family 6 model 158 stepping 10 microcode 0xca, cx8, cmov, fxsr, mmx, 3dnowpref, sse, sse2, sse3, ssse3, sse4.1, sse4.2, popcnt, lzcnt, tsc, tscinvbit, avx, avx2, aes, erms, clmul, bmi1, bmi2, adx, fma, vzeroupper, clflush, clflushopt, hv, rdtscp, f16c
Processor Information for all 6 processors :
  Max Mhz: 2904, Current Mhz: 2904, Mhz Limit: 2904

Memory: 4k page, system-wide physical 16326M (3198M free)
TotalPageFile size 28886M (AvailPageFile size 6800M)
current process WorkingSet (physical memory assigned to process): 272M, peak: 272M
current process commit charge ("private bytes"): 404M, peak: 404M

vm_info: Java HotSpot(TM) 64-Bit Server VM (21.0.2+13-LTS-58) for windows-amd64 JRE (21.0.2+13-LTS-58), built on 2024-01-05T18:32:24Z by "mach5one" with MS VC++ 17.1 (VS2022)

END.
